#
# There is insufficient memory for the Java Runtime Environment to continue.
# Native memory allocation (malloc) failed to allocate 32744 bytes for ChunkPool::allocate
# Possible reasons:
#   The system is out of physical RAM or swap space
#   The process is running with CompressedOops enabled, and the Java Heap may be blocking the growth of the native heap
# Possible solutions:
#   Reduce memory load on the system
#   Increase physical memory or swap space
#   Check if swap backing store is full
#   Decrease Java heap size (-Xmx/-Xms)
#   Decrease number of Java threads
#   Decrease Java thread stack sizes (-Xss)
#   Set larger code cache with -XX:ReservedCodeCacheSize=
#   JVM is running with Unscaled Compressed Oops mode in which the Java heap is
#     placed in the first 4GB address space. The Java Heap base address is the
#     maximum limit for the native heap growth. Please use -XX:HeapBaseMinAddress
#     to set the Java Heap base and to place the Java Heap above 4GB virtual address.
# This output file may be truncated or incomplete.
#
#  Out of Memory Error (arena.cpp:78), pid=6204, tid=896
#
# JRE version: OpenJDK Runtime Environment Temurin-17.0.2+8 (17.0.2+8) (build 17.0.2+8)
# Java VM: OpenJDK 64-Bit Server VM Temurin-17.0.2+8 (17.0.2+8, mixed mode, sharing, tiered, compressed oops, compressed class ptrs, g1 gc, windows-amd64)
# No core dump will be written. Minidumps are not enabled by default on client versions of Windows
#

---------------  S U M M A R Y ------------

Command Line: -Dmaven.home=EMBEDDED -Dclassworlds.conf=C:\Users\zd2L04\pleiades\workspace\.metadata\.plugins\org.eclipse.m2e.launching\launches\m2conf17947439969880922171.tmp -Dmaven.multiModuleProjectDirectory=C:\Users\zd2L04\pleiades\workspace\BearMap -Dfile.encoding=UTF-8 -XX:+ShowCodeDetailsInExceptionMessages org.codehaus.plexus.classworlds.launcher.Launcher -Ppom.xml -B package

Host: AMD Phenom(tm) II X4 955 Processor, 4 cores, 7G,  Windows 10 , 64 bit Build 19041 (10.0.19041.1889)
Time: Fri Oct 21 13:50:32 2022  Windows 10 , 64 bit Build 19041 (10.0.19041.1889) elapsed time: 0.345043 seconds (0d 0h 0m 0s)

---------------  T H R E A D  ---------------

Current thread (0x00000291268fb2a0):  JavaThread "main" [_thread_in_vm, id=896, stack(0x000000d811e00000,0x000000d811f00000)]

Stack: [0x000000d811e00000,0x000000d811f00000]
Native frames: (J=compiled Java code, j=interpreted, Vv=VM code, C=native code)
V  [jvm.dll+0x67564a]
V  [jvm.dll+0x82fc04]
V  [jvm.dll+0x8313ae]
V  [jvm.dll+0x831a13]
V  [jvm.dll+0x245235]
V  [jvm.dll+0xabfc0]
V  [jvm.dll+0xac30c]
V  [jvm.dll+0x1e80a5]
V  [jvm.dll+0x1eadd3]
V  [jvm.dll+0x1e02c1]
V  [jvm.dll+0x53b6e0]
V  [jvm.dll+0x7aad88]
V  [jvm.dll+0x7aae74]
V  [jvm.dll+0x40c2f5]
V  [jvm.dll+0x4124e8]
C  [java.dll+0x17ec]

Java frames: (J=compiled Java code, j=interpreted, Vv=VM code)
j  java.lang.ClassLoader.defineClass1(Ljava/lang/ClassLoader;Ljava/lang/String;[BIILjava/security/ProtectionDomain;Ljava/lang/String;)Ljava/lang/Class;+0 java.base@17.0.2
j  java.lang.ClassLoader.defineClass(Ljava/lang/String;[BIILjava/security/ProtectionDomain;)Ljava/lang/Class;+27 java.base@17.0.2
j  java.security.SecureClassLoader.defineClass(Ljava/lang/String;[BIILjava/security/CodeSource;)Ljava/lang/Class;+12 java.base@17.0.2
j  java.net.URLClassLoader.defineClass(Ljava/lang/String;Ljdk/internal/loader/Resource;)Ljava/lang/Class;+220 java.base@17.0.2
j  java.net.URLClassLoader$1.run()Ljava/lang/Class;+43 java.base@17.0.2
j  java.net.URLClassLoader$1.run()Ljava/lang/Object;+1 java.base@17.0.2
j  java.security.AccessController.executePrivileged(Ljava/security/PrivilegedExceptionAction;Ljava/security/AccessControlContext;Ljava/lang/Class;)Ljava/lang/Object;+29 java.base@17.0.2
j  java.security.AccessController.doPrivileged(Ljava/security/PrivilegedExceptionAction;Ljava/security/AccessControlContext;)Ljava/lang/Object;+13 java.base@17.0.2
j  java.net.URLClassLoader.findClass(Ljava/lang/String;)Ljava/lang/Class;+13 java.base@17.0.2
j  org.codehaus.plexus.classworlds.realm.ClassRealm.loadClassFromSelf(Ljava/lang/String;)Ljava/lang/Class;+20
j  org.codehaus.plexus.classworlds.strategy.SelfFirstStrategy.loadClass(Ljava/lang/String;)Ljava/lang/Class;+18
j  org.codehaus.plexus.classworlds.realm.ClassRealm.unsynchronizedLoadClass(Ljava/lang/String;Z)Ljava/lang/Class;+13
j  org.codehaus.plexus.classworlds.realm.ClassRealm.loadClass(Ljava/lang/String;Z)Ljava/lang/Class;+9
j  org.codehaus.plexus.classworlds.realm.ClassRealm.loadClass(Ljava/lang/String;)Ljava/lang/Class;+3
v  ~StubRoutines::call_stub
j  org.slf4j.impl.SimpleLoggerConfiguration.computeOutputChoice(Ljava/lang/String;Z)Lorg/slf4j/impl/OutputChoice;+59
j  org.slf4j.impl.SimpleLoggerConfiguration.init()V+137
j  org.slf4j.impl.SimpleLogger.init()V+13
j  org.slf4j.impl.SimpleLogger.lazyInit()V+11
j  org.slf4j.impl.SimpleLoggerFactory.<init>()V+15
j  org.slf4j.impl.StaticLoggerBinder.<init>()V+9
j  org.slf4j.impl.StaticLoggerBinder.<clinit>()V+4
v  ~StubRoutines::call_stub
j  org.slf4j.LoggerFactory.bind()V+16
j  org.slf4j.LoggerFactory.performInitialization()V+0
j  org.slf4j.LoggerFactory.getILoggerFactory()Lorg/slf4j/ILoggerFactory;+21
j  org.apache.maven.cli.MavenCli.logging(Lorg/apache/maven/cli/CliRequest;)V+70
j  org.apache.maven.cli.MavenCli.doMain(Lorg/apache/maven/cli/CliRequest;)I+19
j  org.apache.maven.cli.MavenCli.main([Ljava/lang/String;Lorg/codehaus/plexus/classworlds/ClassWorld;)I+24
v  ~StubRoutines::call_stub
j  jdk.internal.reflect.NativeMethodAccessorImpl.invoke0(Ljava/lang/reflect/Method;Ljava/lang/Object;[Ljava/lang/Object;)Ljava/lang/Object;+0 java.base@17.0.2
j  jdk.internal.reflect.NativeMethodAccessorImpl.invoke(Ljava/lang/Object;[Ljava/lang/Object;)Ljava/lang/Object;+133 java.base@17.0.2
j  jdk.internal.reflect.DelegatingMethodAccessorImpl.invoke(Ljava/lang/Object;[Ljava/lang/Object;)Ljava/lang/Object;+6 java.base@17.0.2
j  java.lang.reflect.Method.invoke(Ljava/lang/Object;[Ljava/lang/Object;)Ljava/lang/Object;+59 java.base@17.0.2
j  org.codehaus.plexus.classworlds.launcher.Launcher.launchEnhanced([Ljava/lang/String;)V+45
j  org.codehaus.plexus.classworlds.launcher.Launcher.launch([Ljava/lang/String;)V+2
j  org.codehaus.plexus.classworlds.launcher.Launcher.mainWithExitCode([Ljava/lang/String;)I+101
j  org.codehaus.plexus.classworlds.launcher.Launcher.main([Ljava/lang/String;)V+1
v  ~StubRoutines::call_stub

---------------  P R O C E S S  ---------------

Threads class SMR info:
_java_thread_list=0x0000029144ccc6d0, length=12, elements={
0x00000291268fb2a0, 0x00000291442093c0, 0x000002914420c040, 0x0000029144224040,
0x0000029144225c10, 0x00000291442270f0, 0x00000291442275c0, 0x0000029144237380,
0x000002914423d3a0, 0x00000291442541f0, 0x00000291442292a0, 0x0000029144227a90
}

Java Threads: ( => current thread )
=>0x00000291268fb2a0 JavaThread "main" [_thread_in_vm, id=896, stack(0x000000d811e00000,0x000000d811f00000)]
  0x00000291442093c0 JavaThread "Reference Handler" daemon [_thread_blocked, id=8360, stack(0x000000d812500000,0x000000d812600000)]
  0x000002914420c040 JavaThread "Finalizer" daemon [_thread_blocked, id=3512, stack(0x000000d812600000,0x000000d812700000)]
  0x0000029144224040 JavaThread "Signal Dispatcher" daemon [_thread_blocked, id=748, stack(0x000000d812700000,0x000000d812800000)]
  0x0000029144225c10 JavaThread "Attach Listener" daemon [_thread_blocked, id=4520, stack(0x000000d812800000,0x000000d812900000)]
  0x00000291442270f0 JavaThread "Service Thread" daemon [_thread_blocked, id=3880, stack(0x000000d812900000,0x000000d812a00000)]
  0x00000291442275c0 JavaThread "Monitor Deflation Thread" daemon [_thread_blocked, id=10112, stack(0x000000d812a00000,0x000000d812b00000)]
  0x0000029144237380 JavaThread "C2 CompilerThread0" daemon [_thread_blocked, id=7980, stack(0x000000d812b00000,0x000000d812c00000)]
  0x000002914423d3a0 JavaThread "C1 CompilerThread0" daemon [_thread_blocked, id=1912, stack(0x000000d812c00000,0x000000d812d00000)]
  0x00000291442541f0 JavaThread "Sweeper thread" daemon [_thread_blocked, id=5684, stack(0x000000d812d00000,0x000000d812e00000)]
  0x00000291442292a0 JavaThread "Notification Thread" daemon [_thread_blocked, id=2300, stack(0x000000d812e00000,0x000000d812f00000)]
  0x0000029144227a90 JavaThread "Common-Cleaner" daemon [_thread_blocked, id=3644, stack(0x000000d813000000,0x000000d813100000)]

Other Threads:
  0x0000029144203db0 VMThread "VM Thread" [stack: 0x000000d812400000,0x000000d812500000] [id=4432]
  0x0000029144ccb380 WatcherThread [stack: 0x000000d812f00000,0x000000d813000000] [id=2372]
  0x00000291269369e0 GCTaskThread "GC Thread#0" [stack: 0x000000d811f00000,0x000000d812000000] [id=6344]
  0x00000291269488d0 ConcurrentGCThread "G1 Main Marker" [stack: 0x000000d812000000,0x000000d812100000] [id=8948]
  0x00000291269492e0 ConcurrentGCThread "G1 Conc#0" [stack: 0x000000d812100000,0x000000d812200000] [id=5504]
  0x00000291269d8700 ConcurrentGCThread "G1 Refine#0" [stack: 0x000000d812200000,0x000000d812300000] [id=4084]
  0x00000291269d9120 ConcurrentGCThread "G1 Service" [stack: 0x000000d812300000,0x000000d812400000] [id=4320]

Threads with active compile tasks:

VM state: not at safepoint (normal execution)

VM Mutex/Monitor currently owned by a thread: None

Heap address: 0x0000000084000000, size: 1984 MB, Compressed Oops mode: 32-bit

CDS archive(s) mapped at: [0x0000000800000000-0x0000000800bc0000-0x0000000800bc0000), size 12320768, SharedBaseAddress: 0x0000000800000000, ArchiveRelocationMode: 0.
Compressed class space mapped at: 0x0000000800c00000-0x0000000840c00000, reserved size: 1073741824
Narrow klass base: 0x0000000800000000, Narrow klass shift: 0, Narrow klass range: 0x100000000

GC Precious Log:
 CPUs: 4 total, 4 available
 Memory: 7935M
 Large Page Support: Disabled
 NUMA Support: Disabled
 Compressed Oops: Enabled (32-bit)
 Heap Region Size: 1M
 Heap Min Capacity: 8M
 Heap Initial Capacity: 124M
 Heap Max Capacity: 1984M
 Pre-touch: Disabled
 Parallel Workers: 4
 Concurrent Workers: 1
 Concurrent Refinement Workers: 4
 Periodic GC: Disabled

Heap:
 garbage-first heap   total 126976K, used 5120K [0x0000000084000000, 0x0000000100000000)
  region size 1024K, 6 young (6144K), 0 survivors (0K)
 Metaspace       used 1507K, committed 1728K, reserved 1056768K
  class space    used 127K, committed 256K, reserved 1048576K

Heap Regions: E=young(eden), S=young(survivor), O=old, HS=humongous(starts), HC=humongous(continues), CS=collection set, F=free, OA=open archive, CA=closed archive, TAMS=top-at-mark-start (previous, next)
|   0|0x0000000084000000, 0x0000000084000000, 0x0000000084100000|  0%| F|  |TAMS 0x0000000084000000, 0x0000000084000000| Untracked 
|   1|0x0000000084100000, 0x0000000084100000, 0x0000000084200000|  0%| F|  |TAMS 0x0000000084100000, 0x0000000084100000| Untracked 
|   2|0x0000000084200000, 0x0000000084200000, 0x0000000084300000|  0%| F|  |TAMS 0x0000000084200000, 0x0000000084200000| Untracked 
|   3|0x0000000084300000, 0x0000000084300000, 0x0000000084400000|  0%| F|  |TAMS 0x0000000084300000, 0x0000000084300000| Untracked 
|   4|0x0000000084400000, 0x0000000084400000, 0x0000000084500000|  0%| F|  |TAMS 0x0000000084400000, 0x0000000084400000| Untracked 
|   5|0x0000000084500000, 0x0000000084500000, 0x0000000084600000|  0%| F|  |TAMS 0x0000000084500000, 0x0000000084500000| Untracked 
|   6|0x0000000084600000, 0x0000000084600000, 0x0000000084700000|  0%| F|  |TAMS 0x0000000084600000, 0x0000000084600000| Untracked 
|   7|0x0000000084700000, 0x0000000084700000, 0x0000000084800000|  0%| F|  |TAMS 0x0000000084700000, 0x0000000084700000| Untracked 
|   8|0x0000000084800000, 0x0000000084800000, 0x0000000084900000|  0%| F|  |TAMS 0x0000000084800000, 0x0000000084800000| Untracked 
|   9|0x0000000084900000, 0x0000000084900000, 0x0000000084a00000|  0%| F|  |TAMS 0x0000000084900000, 0x0000000084900000| Untracked 
|  10|0x0000000084a00000, 0x0000000084a00000, 0x0000000084b00000|  0%| F|  |TAMS 0x0000000084a00000, 0x0000000084a00000| Untracked 
|  11|0x0000000084b00000, 0x0000000084b00000, 0x0000000084c00000|  0%| F|  |TAMS 0x0000000084b00000, 0x0000000084b00000| Untracked 
|  12|0x0000000084c00000, 0x0000000084c00000, 0x0000000084d00000|  0%| F|  |TAMS 0x0000000084c00000, 0x0000000084c00000| Untracked 
|  13|0x0000000084d00000, 0x0000000084d00000, 0x0000000084e00000|  0%| F|  |TAMS 0x0000000084d00000, 0x0000000084d00000| Untracked 
|  14|0x0000000084e00000, 0x0000000084e00000, 0x0000000084f00000|  0%| F|  |TAMS 0x0000000084e00000, 0x0000000084e00000| Untracked 
|  15|0x0000000084f00000, 0x0000000084f00000, 0x0000000085000000|  0%| F|  |TAMS 0x0000000084f00000, 0x0000000084f00000| Untracked 
|  16|0x0000000085000000, 0x0000000085000000, 0x0000000085100000|  0%| F|  |TAMS 0x0000000085000000, 0x0000000085000000| Untracked 
|  17|0x0000000085100000, 0x0000000085100000, 0x0000000085200000|  0%| F|  |TAMS 0x0000000085100000, 0x0000000085100000| Untracked 
|  18|0x0000000085200000, 0x0000000085200000, 0x0000000085300000|  0%| F|  |TAMS 0x0000000085200000, 0x0000000085200000| Untracked 
|  19|0x0000000085300000, 0x0000000085300000, 0x0000000085400000|  0%| F|  |TAMS 0x0000000085300000, 0x0000000085300000| Untracked 
|  20|0x0000000085400000, 0x0000000085400000, 0x0000000085500000|  0%| F|  |TAMS 0x0000000085400000, 0x0000000085400000| Untracked 
|  21|0x0000000085500000, 0x0000000085500000, 0x0000000085600000|  0%| F|  |TAMS 0x0000000085500000, 0x0000000085500000| Untracked 
|  22|0x0000000085600000, 0x0000000085600000, 0x0000000085700000|  0%| F|  |TAMS 0x0000000085600000, 0x0000000085600000| Untracked 
|  23|0x0000000085700000, 0x0000000085700000, 0x0000000085800000|  0%| F|  |TAMS 0x0000000085700000, 0x0000000085700000| Untracked 
|  24|0x0000000085800000, 0x0000000085800000, 0x0000000085900000|  0%| F|  |TAMS 0x0000000085800000, 0x0000000085800000| Untracked 
|  25|0x0000000085900000, 0x0000000085900000, 0x0000000085a00000|  0%| F|  |TAMS 0x0000000085900000, 0x0000000085900000| Untracked 
|  26|0x0000000085a00000, 0x0000000085a00000, 0x0000000085b00000|  0%| F|  |TAMS 0x0000000085a00000, 0x0000000085a00000| Untracked 
|  27|0x0000000085b00000, 0x0000000085b00000, 0x0000000085c00000|  0%| F|  |TAMS 0x0000000085b00000, 0x0000000085b00000| Untracked 
|  28|0x0000000085c00000, 0x0000000085c00000, 0x0000000085d00000|  0%| F|  |TAMS 0x0000000085c00000, 0x0000000085c00000| Untracked 
|  29|0x0000000085d00000, 0x0000000085d00000, 0x0000000085e00000|  0%| F|  |TAMS 0x0000000085d00000, 0x0000000085d00000| Untracked 
|  30|0x0000000085e00000, 0x0000000085e00000, 0x0000000085f00000|  0%| F|  |TAMS 0x0000000085e00000, 0x0000000085e00000| Untracked 
|  31|0x0000000085f00000, 0x0000000085f00000, 0x0000000086000000|  0%| F|  |TAMS 0x0000000085f00000, 0x0000000085f00000| Untracked 
|  32|0x0000000086000000, 0x0000000086000000, 0x0000000086100000|  0%| F|  |TAMS 0x0000000086000000, 0x0000000086000000| Untracked 
|  33|0x0000000086100000, 0x0000000086100000, 0x0000000086200000|  0%| F|  |TAMS 0x0000000086100000, 0x0000000086100000| Untracked 
|  34|0x0000000086200000, 0x0000000086200000, 0x0000000086300000|  0%| F|  |TAMS 0x0000000086200000, 0x0000000086200000| Untracked 
|  35|0x0000000086300000, 0x0000000086300000, 0x0000000086400000|  0%| F|  |TAMS 0x0000000086300000, 0x0000000086300000| Untracked 
|  36|0x0000000086400000, 0x0000000086400000, 0x0000000086500000|  0%| F|  |TAMS 0x0000000086400000, 0x0000000086400000| Untracked 
|  37|0x0000000086500000, 0x0000000086500000, 0x0000000086600000|  0%| F|  |TAMS 0x0000000086500000, 0x0000000086500000| Untracked 
|  38|0x0000000086600000, 0x0000000086600000, 0x0000000086700000|  0%| F|  |TAMS 0x0000000086600000, 0x0000000086600000| Untracked 
|  39|0x0000000086700000, 0x0000000086700000, 0x0000000086800000|  0%| F|  |TAMS 0x0000000086700000, 0x0000000086700000| Untracked 
|  40|0x0000000086800000, 0x0000000086800000, 0x0000000086900000|  0%| F|  |TAMS 0x0000000086800000, 0x0000000086800000| Untracked 
|  41|0x0000000086900000, 0x0000000086900000, 0x0000000086a00000|  0%| F|  |TAMS 0x0000000086900000, 0x0000000086900000| Untracked 
|  42|0x0000000086a00000, 0x0000000086a00000, 0x0000000086b00000|  0%| F|  |TAMS 0x0000000086a00000, 0x0000000086a00000| Untracked 
|  43|0x0000000086b00000, 0x0000000086b00000, 0x0000000086c00000|  0%| F|  |TAMS 0x0000000086b00000, 0x0000000086b00000| Untracked 
|  44|0x0000000086c00000, 0x0000000086c00000, 0x0000000086d00000|  0%| F|  |TAMS 0x0000000086c00000, 0x0000000086c00000| Untracked 
|  45|0x0000000086d00000, 0x0000000086d00000, 0x0000000086e00000|  0%| F|  |TAMS 0x0000000086d00000, 0x0000000086d00000| Untracked 
|  46|0x0000000086e00000, 0x0000000086e00000, 0x0000000086f00000|  0%| F|  |TAMS 0x0000000086e00000, 0x0000000086e00000| Untracked 
|  47|0x0000000086f00000, 0x0000000086f00000, 0x0000000087000000|  0%| F|  |TAMS 0x0000000086f00000, 0x0000000086f00000| Untracked 
|  48|0x0000000087000000, 0x0000000087000000, 0x0000000087100000|  0%| F|  |TAMS 0x0000000087000000, 0x0000000087000000| Untracked 
|  49|0x0000000087100000, 0x0000000087100000, 0x0000000087200000|  0%| F|  |TAMS 0x0000000087100000, 0x0000000087100000| Untracked 
|  50|0x0000000087200000, 0x0000000087200000, 0x0000000087300000|  0%| F|  |TAMS 0x0000000087200000, 0x0000000087200000| Untracked 
|  51|0x0000000087300000, 0x0000000087300000, 0x0000000087400000|  0%| F|  |TAMS 0x0000000087300000, 0x0000000087300000| Untracked 
|  52|0x0000000087400000, 0x0000000087400000, 0x0000000087500000|  0%| F|  |TAMS 0x0000000087400000, 0x0000000087400000| Untracked 
|  53|0x0000000087500000, 0x0000000087500000, 0x0000000087600000|  0%| F|  |TAMS 0x0000000087500000, 0x0000000087500000| Untracked 
|  54|0x0000000087600000, 0x0000000087600000, 0x0000000087700000|  0%| F|  |TAMS 0x0000000087600000, 0x0000000087600000| Untracked 
|  55|0x0000000087700000, 0x0000000087700000, 0x0000000087800000|  0%| F|  |TAMS 0x0000000087700000, 0x0000000087700000| Untracked 
|  56|0x0000000087800000, 0x0000000087800000, 0x0000000087900000|  0%| F|  |TAMS 0x0000000087800000, 0x0000000087800000| Untracked 
|  57|0x0000000087900000, 0x0000000087900000, 0x0000000087a00000|  0%| F|  |TAMS 0x0000000087900000, 0x0000000087900000| Untracked 
|  58|0x0000000087a00000, 0x0000000087a00000, 0x0000000087b00000|  0%| F|  |TAMS 0x0000000087a00000, 0x0000000087a00000| Untracked 
|  59|0x0000000087b00000, 0x0000000087b00000, 0x0000000087c00000|  0%| F|  |TAMS 0x0000000087b00000, 0x0000000087b00000| Untracked 
|  60|0x0000000087c00000, 0x0000000087c00000, 0x0000000087d00000|  0%| F|  |TAMS 0x0000000087c00000, 0x0000000087c00000| Untracked 
|  61|0x0000000087d00000, 0x0000000087d00000, 0x0000000087e00000|  0%| F|  |TAMS 0x0000000087d00000, 0x0000000087d00000| Untracked 
|  62|0x0000000087e00000, 0x0000000087e00000, 0x0000000087f00000|  0%| F|  |TAMS 0x0000000087e00000, 0x0000000087e00000| Untracked 
|  63|0x0000000087f00000, 0x0000000087f00000, 0x0000000088000000|  0%| F|  |TAMS 0x0000000087f00000, 0x0000000087f00000| Untracked 
|  64|0x0000000088000000, 0x0000000088000000, 0x0000000088100000|  0%| F|  |TAMS 0x0000000088000000, 0x0000000088000000| Untracked 
|  65|0x0000000088100000, 0x0000000088100000, 0x0000000088200000|  0%| F|  |TAMS 0x0000000088100000, 0x0000000088100000| Untracked 
|  66|0x0000000088200000, 0x0000000088200000, 0x0000000088300000|  0%| F|  |TAMS 0x0000000088200000, 0x0000000088200000| Untracked 
|  67|0x0000000088300000, 0x0000000088300000, 0x0000000088400000|  0%| F|  |TAMS 0x0000000088300000, 0x0000000088300000| Untracked 
|  68|0x0000000088400000, 0x0000000088400000, 0x0000000088500000|  0%| F|  |TAMS 0x0000000088400000, 0x0000000088400000| Untracked 
|  69|0x0000000088500000, 0x0000000088500000, 0x0000000088600000|  0%| F|  |TAMS 0x0000000088500000, 0x0000000088500000| Untracked 
|  70|0x0000000088600000, 0x0000000088600000, 0x0000000088700000|  0%| F|  |TAMS 0x0000000088600000, 0x0000000088600000| Untracked 
|  71|0x0000000088700000, 0x0000000088700000, 0x0000000088800000|  0%| F|  |TAMS 0x0000000088700000, 0x0000000088700000| Untracked 
|  72|0x0000000088800000, 0x0000000088800000, 0x0000000088900000|  0%| F|  |TAMS 0x0000000088800000, 0x0000000088800000| Untracked 
|  73|0x0000000088900000, 0x0000000088900000, 0x0000000088a00000|  0%| F|  |TAMS 0x0000000088900000, 0x0000000088900000| Untracked 
|  74|0x0000000088a00000, 0x0000000088a00000, 0x0000000088b00000|  0%| F|  |TAMS 0x0000000088a00000, 0x0000000088a00000| Untracked 
|  75|0x0000000088b00000, 0x0000000088b00000, 0x0000000088c00000|  0%| F|  |TAMS 0x0000000088b00000, 0x0000000088b00000| Untracked 
|  76|0x0000000088c00000, 0x0000000088c00000, 0x0000000088d00000|  0%| F|  |TAMS 0x0000000088c00000, 0x0000000088c00000| Untracked 
|  77|0x0000000088d00000, 0x0000000088d00000, 0x0000000088e00000|  0%| F|  |TAMS 0x0000000088d00000, 0x0000000088d00000| Untracked 
|  78|0x0000000088e00000, 0x0000000088e00000, 0x0000000088f00000|  0%| F|  |TAMS 0x0000000088e00000, 0x0000000088e00000| Untracked 
|  79|0x0000000088f00000, 0x0000000088f00000, 0x0000000089000000|  0%| F|  |TAMS 0x0000000088f00000, 0x0000000088f00000| Untracked 
|  80|0x0000000089000000, 0x0000000089000000, 0x0000000089100000|  0%| F|  |TAMS 0x0000000089000000, 0x0000000089000000| Untracked 
|  81|0x0000000089100000, 0x0000000089100000, 0x0000000089200000|  0%| F|  |TAMS 0x0000000089100000, 0x0000000089100000| Untracked 
|  82|0x0000000089200000, 0x0000000089200000, 0x0000000089300000|  0%| F|  |TAMS 0x0000000089200000, 0x0000000089200000| Untracked 
|  83|0x0000000089300000, 0x0000000089300000, 0x0000000089400000|  0%| F|  |TAMS 0x0000000089300000, 0x0000000089300000| Untracked 
|  84|0x0000000089400000, 0x0000000089400000, 0x0000000089500000|  0%| F|  |TAMS 0x0000000089400000, 0x0000000089400000| Untracked 
|  85|0x0000000089500000, 0x0000000089500000, 0x0000000089600000|  0%| F|  |TAMS 0x0000000089500000, 0x0000000089500000| Untracked 
|  86|0x0000000089600000, 0x0000000089600000, 0x0000000089700000|  0%| F|  |TAMS 0x0000000089600000, 0x0000000089600000| Untracked 
|  87|0x0000000089700000, 0x0000000089700000, 0x0000000089800000|  0%| F|  |TAMS 0x0000000089700000, 0x0000000089700000| Untracked 
|  88|0x0000000089800000, 0x0000000089800000, 0x0000000089900000|  0%| F|  |TAMS 0x0000000089800000, 0x0000000089800000| Untracked 
|  89|0x0000000089900000, 0x0000000089900000, 0x0000000089a00000|  0%| F|  |TAMS 0x0000000089900000, 0x0000000089900000| Untracked 
|  90|0x0000000089a00000, 0x0000000089a00000, 0x0000000089b00000|  0%| F|  |TAMS 0x0000000089a00000, 0x0000000089a00000| Untracked 
|  91|0x0000000089b00000, 0x0000000089b00000, 0x0000000089c00000|  0%| F|  |TAMS 0x0000000089b00000, 0x0000000089b00000| Untracked 
|  92|0x0000000089c00000, 0x0000000089c00000, 0x0000000089d00000|  0%| F|  |TAMS 0x0000000089c00000, 0x0000000089c00000| Untracked 
|  93|0x0000000089d00000, 0x0000000089d00000, 0x0000000089e00000|  0%| F|  |TAMS 0x0000000089d00000, 0x0000000089d00000| Untracked 
|  94|0x0000000089e00000, 0x0000000089e00000, 0x0000000089f00000|  0%| F|  |TAMS 0x0000000089e00000, 0x0000000089e00000| Untracked 
|  95|0x0000000089f00000, 0x0000000089f00000, 0x000000008a000000|  0%| F|  |TAMS 0x0000000089f00000, 0x0000000089f00000| Untracked 
|  96|0x000000008a000000, 0x000000008a000000, 0x000000008a100000|  0%| F|  |TAMS 0x000000008a000000, 0x000000008a000000| Untracked 
|  97|0x000000008a100000, 0x000000008a100000, 0x000000008a200000|  0%| F|  |TAMS 0x000000008a100000, 0x000000008a100000| Untracked 
|  98|0x000000008a200000, 0x000000008a200000, 0x000000008a300000|  0%| F|  |TAMS 0x000000008a200000, 0x000000008a200000| Untracked 
|  99|0x000000008a300000, 0x000000008a300000, 0x000000008a400000|  0%| F|  |TAMS 0x000000008a300000, 0x000000008a300000| Untracked 
| 100|0x000000008a400000, 0x000000008a400000, 0x000000008a500000|  0%| F|  |TAMS 0x000000008a400000, 0x000000008a400000| Untracked 
| 101|0x000000008a500000, 0x000000008a500000, 0x000000008a600000|  0%| F|  |TAMS 0x000000008a500000, 0x000000008a500000| Untracked 
| 102|0x000000008a600000, 0x000000008a600000, 0x000000008a700000|  0%| F|  |TAMS 0x000000008a600000, 0x000000008a600000| Untracked 
| 103|0x000000008a700000, 0x000000008a700000, 0x000000008a800000|  0%| F|  |TAMS 0x000000008a700000, 0x000000008a700000| Untracked 
| 104|0x000000008a800000, 0x000000008a800000, 0x000000008a900000|  0%| F|  |TAMS 0x000000008a800000, 0x000000008a800000| Untracked 
| 105|0x000000008a900000, 0x000000008a900000, 0x000000008aa00000|  0%| F|  |TAMS 0x000000008a900000, 0x000000008a900000| Untracked 
| 106|0x000000008aa00000, 0x000000008aa00000, 0x000000008ab00000|  0%| F|  |TAMS 0x000000008aa00000, 0x000000008aa00000| Untracked 
| 107|0x000000008ab00000, 0x000000008ab00000, 0x000000008ac00000|  0%| F|  |TAMS 0x000000008ab00000, 0x000000008ab00000| Untracked 
| 108|0x000000008ac00000, 0x000000008ac00000, 0x000000008ad00000|  0%| F|  |TAMS 0x000000008ac00000, 0x000000008ac00000| Untracked 
| 109|0x000000008ad00000, 0x000000008ad00000, 0x000000008ae00000|  0%| F|  |TAMS 0x000000008ad00000, 0x000000008ad00000| Untracked 
| 110|0x000000008ae00000, 0x000000008ae00000, 0x000000008af00000|  0%| F|  |TAMS 0x000000008ae00000, 0x000000008ae00000| Untracked 
| 111|0x000000008af00000, 0x000000008af00000, 0x000000008b000000|  0%| F|  |TAMS 0x000000008af00000, 0x000000008af00000| Untracked 
| 112|0x000000008b000000, 0x000000008b000000, 0x000000008b100000|  0%| F|  |TAMS 0x000000008b000000, 0x000000008b000000| Untracked 
| 113|0x000000008b100000, 0x000000008b100000, 0x000000008b200000|  0%| F|  |TAMS 0x000000008b100000, 0x000000008b100000| Untracked 
| 114|0x000000008b200000, 0x000000008b200000, 0x000000008b300000|  0%| F|  |TAMS 0x000000008b200000, 0x000000008b200000| Untracked 
| 115|0x000000008b300000, 0x000000008b300000, 0x000000008b400000|  0%| F|  |TAMS 0x000000008b300000, 0x000000008b300000| Untracked 
| 116|0x000000008b400000, 0x000000008b400000, 0x000000008b500000|  0%| F|  |TAMS 0x000000008b400000, 0x000000008b400000| Untracked 
| 117|0x000000008b500000, 0x000000008b500000, 0x000000008b600000|  0%| F|  |TAMS 0x000000008b500000, 0x000000008b500000| Untracked 
| 118|0x000000008b600000, 0x000000008b646cd0, 0x000000008b700000| 27%| E|  |TAMS 0x000000008b600000, 0x000000008b600000| Complete 
| 119|0x000000008b700000, 0x000000008b800000, 0x000000008b800000|100%| E|CS|TAMS 0x000000008b700000, 0x000000008b700000| Complete 
| 120|0x000000008b800000, 0x000000008b900000, 0x000000008b900000|100%| E|CS|TAMS 0x000000008b800000, 0x000000008b800000| Complete 
| 121|0x000000008b900000, 0x000000008ba00000, 0x000000008ba00000|100%| E|CS|TAMS 0x000000008b900000, 0x000000008b900000| Complete 
| 122|0x000000008ba00000, 0x000000008bb00000, 0x000000008bb00000|100%| E|CS|TAMS 0x000000008ba00000, 0x000000008ba00000| Complete 
| 123|0x000000008bb00000, 0x000000008bc00000, 0x000000008bc00000|100%| E|CS|TAMS 0x000000008bb00000, 0x000000008bb00000| Complete 

Card table byte_map: [0x000002913d7b0000,0x000002913db90000] _byte_map_base: 0x000002913d390000

Marking Bits (Prev, Next): (CMBitMap*) 0x0000029126938000, (CMBitMap*) 0x0000029126938040
 Prev Bits: [0x000002913df70000, 0x000002913fe70000)
 Next Bits: [0x000002913fe70000, 0x0000029141d70000)

Polling page: 0x00000291248b0000

Metaspace:

Usage:
  Non-class:      1.35 MB used.
      Class:    127.77 KB used.
       Both:      1.47 MB used.

Virtual space:
  Non-class space:        8.00 MB reserved,       1.44 MB ( 18%) committed,  1 nodes.
      Class space:        1.00 GB reserved,     256.00 KB ( <1%) committed,  1 nodes.
             Both:        1.01 GB reserved,       1.69 MB ( <1%) committed. 

Chunk freelists:
   Non-Class:  3.41 MB
       Class:  3.67 MB
        Both:  7.08 MB

MaxMetaspaceSize: unlimited
CompressedClassSpaceSize: 1.00 GB
Initial GC threshold: 21.00 MB
Current GC threshold: 21.00 MB
CDS: on
MetaspaceReclaimPolicy: balanced
 - commit_granule_bytes: 65536.
 - commit_granule_words: 8192.
 - virtual_space_node_default_size: 1048576.
 - enlarge_chunks_in_place: 1.
 - new_chunks_are_fully_committed: 0.
 - uncommit_free_chunks: 1.
 - use_allocation_guard: 0.
 - handle_deallocations: 1.


Internal statistics:

num_allocs_failed_limit: 0.
num_arena_births: 8.
num_arena_deaths: 0.
num_vsnodes_births: 2.
num_vsnodes_deaths: 0.
num_space_committed: 27.
num_space_uncommitted: 0.
num_chunks_returned_to_freelist: 0.
num_chunks_taken_from_freelist: 43.
num_chunk_merges: 0.
num_chunk_splits: 29.
num_chunks_enlarged: 25.
num_purges: 0.
num_inconsistent_stats: 0.

CodeHeap 'non-profiled nmethods': size=120000Kb used=113Kb max_used=113Kb free=119886Kb
 bounds [0x0000029135ea0000, 0x0000029136110000, 0x000002913d3d0000]
CodeHeap 'profiled nmethods': size=120000Kb used=634Kb max_used=634Kb free=119365Kb
 bounds [0x000002912e970000, 0x000002912ebe0000, 0x0000029135ea0000]
CodeHeap 'non-nmethods': size=5760Kb used=1109Kb max_used=1124Kb free=4650Kb
 bounds [0x000002912e3d0000, 0x000002912e640000, 0x000002912e970000]
 total_blobs=768 nmethods=378 adapters=304
 compilation: enabled
              stopped_count=0, restarted_count=0
 full_count=0

Compilation events (20 events):
Event: 0.322 Thread 0x0000029144237380  360       4       jdk.internal.misc.Unsafe::putReferenceRelease (9 bytes)
Event: 0.323 Thread 0x000002914423d3a0  364       3       jdk.internal.jimage.ImageStringsReader::hashCode (33 bytes)
Event: 0.323 Thread 0x000002914423d3a0 nmethod 364 0x000002912e9fa510 code [0x000002912e9fa6c0, 0x000002912e9fa838]
Event: 0.323 Thread 0x0000029144237380 nmethod 360 0x0000029135ebaa10 code [0x0000029135ebab80, 0x0000029135ebacb8]
Event: 0.323 Thread 0x000002914423d3a0  365       3       java.util.concurrent.ConcurrentHashMap$ValueIterator::next (34 bytes)
Event: 0.324 Thread 0x000002914423d3a0 nmethod 365 0x000002912e9fa910 code [0x000002912e9faac0, 0x000002912e9fad18]
Event: 0.324 Thread 0x000002914423d3a0  366       3       java.util.Optional::empty (6 bytes)
Event: 0.324 Thread 0x000002914423d3a0 nmethod 366 0x000002912e9fae10 code [0x000002912e9fafa0, 0x000002912e9fb098]
Event: 0.324 Thread 0x000002914423d3a0  367       3       jdk.internal.loader.URLClassPath$JarLoader::findResource (18 bytes)
Event: 0.324 Thread 0x000002914423d3a0 nmethod 367 0x000002912e9fb110 code [0x000002912e9fb2c0, 0x000002912e9fb538]
Event: 0.325 Thread 0x0000029144237380  368       4       java.lang.StringLatin1::indexOf (121 bytes)
Event: 0.326 Thread 0x000002914423d3a0  369       3       sun.net.www.protocol.file.Handler::parseURL (18 bytes)
Event: 0.326 Thread 0x000002914423d3a0 nmethod 369 0x000002912e9fb610 code [0x000002912e9fb7c0, 0x000002912e9fb978]
Event: 0.326 Thread 0x000002914423d3a0  371       3       java.lang.String::indexOf (64 bytes)
Event: 0.326 Thread 0x000002914423d3a0 nmethod 371 0x000002912e9fba90 code [0x000002912e9fbca0, 0x000002912e9fc168]
Event: 0.326 Thread 0x000002914423d3a0  372       3       java.lang.StringLatin1::indexOf (25 bytes)
Event: 0.327 Thread 0x000002914423d3a0 nmethod 372 0x000002912e9fc310 code [0x000002912e9fc4c0, 0x000002912e9fc6c8]
Event: 0.327 Thread 0x000002914423d3a0  370       3       java.net.URLStreamHandler::parseURL (1201 bytes)
Event: 0.334 Thread 0x0000029144237380 nmethod 368 0x0000029135ebad10 code [0x0000029135ebaea0, 0x0000029135ebb378]
Event: 0.334 Thread 0x0000029144237380  375       4       java.lang.StringLatin1::replace (198 bytes)

GC Heap History (0 events):
No events

Deoptimization events (18 events):
Event: 0.128 Thread 0x00000291268fb2a0 DEOPT PACKING pc=0x000002912e99b80c sp=0x000000d811efe390
Event: 0.128 Thread 0x00000291268fb2a0 DEOPT UNPACKING pc=0x000002912e422b24 sp=0x000000d811efd820 mode 0
Event: 0.130 Thread 0x00000291268fb2a0 DEOPT PACKING pc=0x000002912e99b80c sp=0x000000d811efe390
Event: 0.130 Thread 0x00000291268fb2a0 DEOPT UNPACKING pc=0x000002912e422b24 sp=0x000000d811efd820 mode 0
Event: 0.130 Thread 0x00000291268fb2a0 DEOPT PACKING pc=0x000002912e99b80c sp=0x000000d811efe390
Event: 0.130 Thread 0x00000291268fb2a0 DEOPT UNPACKING pc=0x000002912e422b24 sp=0x000000d811efd820 mode 0
Event: 0.131 Thread 0x00000291268fb2a0 DEOPT PACKING pc=0x000002912e99b80c sp=0x000000d811efe390
Event: 0.131 Thread 0x00000291268fb2a0 DEOPT UNPACKING pc=0x000002912e422b24 sp=0x000000d811efd820 mode 0
Event: 0.131 Thread 0x00000291268fb2a0 DEOPT PACKING pc=0x000002912e99b80c sp=0x000000d811efe390
Event: 0.131 Thread 0x00000291268fb2a0 DEOPT UNPACKING pc=0x000002912e422b24 sp=0x000000d811efd820 mode 0
Event: 0.215 Thread 0x00000291268fb2a0 Uncommon trap: trap_request=0xffffff45 fr.pc=0x0000029135ea8f64 relative=0x0000000000000064
Event: 0.215 Thread 0x00000291268fb2a0 Uncommon trap: reason=unstable_if action=reinterpret pc=0x0000029135ea8f64 method=java.io.WinNTFileSystem.isSlash(C)Z @ 9 c2
Event: 0.215 Thread 0x00000291268fb2a0 DEOPT PACKING pc=0x0000029135ea8f64 sp=0x000000d811efd560
Event: 0.215 Thread 0x00000291268fb2a0 DEOPT UNPACKING pc=0x000002912e42239d sp=0x000000d811efd4e8 mode 2
Event: 0.325 Thread 0x00000291268fb2a0 DEOPT PACKING pc=0x000002912e999265 sp=0x000000d811efdd40
Event: 0.325 Thread 0x00000291268fb2a0 DEOPT UNPACKING pc=0x000002912e422b24 sp=0x000000d811efd1b8 mode 0
Event: 0.332 Thread 0x00000291268fb2a0 DEOPT PACKING pc=0x000002912e999265 sp=0x000000d811ef7800
Event: 0.332 Thread 0x00000291268fb2a0 DEOPT UNPACKING pc=0x000002912e422b24 sp=0x000000d811ef6c78 mode 0

Classes unloaded (0 events):
No events

Classes redefined (0 events):
No events

Internal exceptions (9 events):
Event: 0.206 Thread 0x00000291268fb2a0 Exception <a 'java/lang/NullPointerException'{0x000000008b86b1f8}> (0x000000008b86b1f8) 
thrown [e:\jenkins\tmp\workspace\build\src\src\hotspot\share\interpreter\linkResolver.cpp, line 1357]
Event: 0.271 Thread 0x00000291268fb2a0 Exception <a 'java/lang/NullPointerException'{0x000000008b8eb358}> (0x000000008b8eb358) 
thrown [e:\jenkins\tmp\workspace\build\src\src\hotspot\share\interpreter\linkResolver.cpp, line 1357]
Event: 0.271 Thread 0x00000291268fb2a0 Exception <a 'java/lang/NullPointerException'{0x000000008b8eb630}> (0x000000008b8eb630) 
thrown [e:\jenkins\tmp\workspace\build\src\src\hotspot\share\interpreter\linkResolver.cpp, line 1357]
Event: 0.271 Thread 0x00000291268fb2a0 Exception <a 'java/lang/NullPointerException'{0x000000008b8eb908}> (0x000000008b8eb908) 
thrown [e:\jenkins\tmp\workspace\build\src\src\hotspot\share\interpreter\linkResolver.cpp, line 1357]
Event: 0.273 Thread 0x00000291268fb2a0 Exception <a 'java/lang/NullPointerException'{0x000000008b8f17a0}> (0x000000008b8f17a0) 
thrown [e:\jenkins\tmp\workspace\build\src\src\hotspot\share\interpreter\linkResolver.cpp, line 1357]
Event: 0.276 Thread 0x00000291268fb2a0 Exception <a 'java/lang/NullPointerException'{0x000000008b708118}> (0x000000008b708118) 
thrown [e:\jenkins\tmp\workspace\build\src\src\hotspot\share\interpreter\linkResolver.cpp, line 1357]
Event: 0.276 Thread 0x00000291268fb2a0 Exception <a 'java/lang/NullPointerException'{0x000000008b7083f0}> (0x000000008b7083f0) 
thrown [e:\jenkins\tmp\workspace\build\src\src\hotspot\share\interpreter\linkResolver.cpp, line 1357]
Event: 0.276 Thread 0x00000291268fb2a0 Exception <a 'java/lang/NullPointerException'{0x000000008b7086c8}> (0x000000008b7086c8) 
thrown [e:\jenkins\tmp\workspace\build\src\src\hotspot\share\interpreter\linkResolver.cpp, line 1357]
Event: 0.276 Thread 0x00000291268fb2a0 Exception <a 'java/lang/NullPointerException'{0x000000008b7089a0}> (0x000000008b7089a0) 
thrown [e:\jenkins\tmp\workspace\build\src\src\hotspot\share\interpreter\linkResolver.cpp, line 1357]

VM Operations (6 events):
Event: 0.081 Executing VM operation: HandshakeAllThreads
Event: 0.081 Executing VM operation: HandshakeAllThreads done
Event: 0.205 Executing VM operation: HandshakeAllThreads
Event: 0.205 Executing VM operation: HandshakeAllThreads done
Event: 0.215 Executing VM operation: HandshakeAllThreads
Event: 0.215 Executing VM operation: HandshakeAllThreads done

Events (20 events):
Event: 0.319 loading class java/util/concurrent/locks/AbstractQueuedSynchronizer$ConditionObject
Event: 0.320 loading class java/util/concurrent/locks/Condition
Event: 0.320 loading class java/util/concurrent/locks/Condition done
Event: 0.320 loading class java/util/concurrent/locks/AbstractQueuedSynchronizer$ConditionObject done
Event: 0.320 loading class java/util/concurrent/LinkedBlockingQueue$Node
Event: 0.320 loading class java/util/concurrent/LinkedBlockingQueue$Node done
Event: 0.324 loading class java/net/URLClassLoader$3
Event: 0.324 loading class java/net/URLClassLoader$3 done
Event: 0.324 loading class java/net/URLClassLoader$3$1
Event: 0.324 loading class java/net/URLClassLoader$3$1 done
Event: 0.326 loading class java/util/LinkedHashMap$LinkedKeySet
Event: 0.327 loading class java/util/LinkedHashMap$LinkedKeySet done
Event: 0.327 loading class java/util/LinkedHashMap$LinkedKeyIterator
Event: 0.327 loading class java/util/LinkedHashMap$LinkedKeyIterator done
Event: 0.340 loading class sun/net/ProgressMonitor
Event: 0.340 loading class sun/net/ProgressMonitor done
Event: 0.340 loading class sun/net/DefaultProgressMeteringPolicy
Event: 0.340 loading class sun/net/ProgressMeteringPolicy
Event: 0.340 loading class sun/net/ProgressMeteringPolicy done
Event: 0.340 loading class sun/net/DefaultProgressMeteringPolicy done


Dynamic libraries:
0x00007ff697bd0000 - 0x00007ff697bde000 	C:\Users\zd2L04\pleiades\java\17\bin\javaw.exe
0x00007ffbd8830000 - 0x00007ffbd8a28000 	C:\WINDOWS\SYSTEM32\ntdll.dll
0x00007ffbd7e20000 - 0x00007ffbd7edd000 	C:\WINDOWS\System32\KERNEL32.DLL
0x00007ffbd6510000 - 0x00007ffbd67e2000 	C:\WINDOWS\System32\KERNELBASE.dll
0x00007ffbd62e0000 - 0x00007ffbd63e0000 	C:\WINDOWS\System32\ucrtbase.dll
0x00007ffbd0650000 - 0x00007ffbd0668000 	C:\Users\zd2L04\pleiades\java\17\bin\jli.dll
0x00007ffbd2d00000 - 0x00007ffbd2d19000 	C:\Users\zd2L04\pleiades\java\17\bin\VCRUNTIME140.dll
0x00007ffbd70c0000 - 0x00007ffbd725d000 	C:\WINDOWS\System32\USER32.dll
0x00007ffbd6040000 - 0x00007ffbd6062000 	C:\WINDOWS\System32\win32u.dll
0x00007ffbb5270000 - 0x00007ffbb550a000 	C:\WINDOWS\WinSxS\amd64_microsoft.windows.common-controls_6595b64144ccf1df_6.0.19041.1110_none_60b5254171f9507e\COMCTL32.dll
0x00007ffbd7c20000 - 0x00007ffbd7c4b000 	C:\WINDOWS\System32\GDI32.dll
0x00007ffbd7270000 - 0x00007ffbd730e000 	C:\WINDOWS\System32\msvcrt.dll
0x00007ffbd61d0000 - 0x00007ffbd62df000 	C:\WINDOWS\System32\gdi32full.dll
0x00007ffbd63e0000 - 0x00007ffbd647d000 	C:\WINDOWS\System32\msvcp_win.dll
0x00007ffbd7090000 - 0x00007ffbd70c0000 	C:\WINDOWS\System32\IMM32.DLL
0x00007ffbd3720000 - 0x00007ffbd372c000 	C:\Users\zd2L04\pleiades\java\17\bin\vcruntime140_1.dll
0x00007ffb97160000 - 0x00007ffb971f1000 	C:\Users\zd2L04\pleiades\java\17\bin\msvcp140.dll
0x00007ffb82880000 - 0x00007ffb834c7000 	C:\Users\zd2L04\pleiades\java\17\bin\server\jvm.dll
0x00007ffbd6f60000 - 0x00007ffbd700e000 	C:\WINDOWS\System32\ADVAPI32.dll
0x00007ffbd7c50000 - 0x00007ffbd7cec000 	C:\WINDOWS\System32\sechost.dll
0x00007ffbd7cf0000 - 0x00007ffbd7e15000 	C:\WINDOWS\System32\RPCRT4.dll
0x00007ffbd7260000 - 0x00007ffbd7268000 	C:\WINDOWS\System32\PSAPI.DLL
0x00007ffbc7e70000 - 0x00007ffbc7e79000 	C:\WINDOWS\SYSTEM32\WSOCK32.dll
0x00007ffbd1550000 - 0x00007ffbd1577000 	C:\WINDOWS\SYSTEM32\WINMM.dll
0x00007ffbd0830000 - 0x00007ffbd083a000 	C:\WINDOWS\SYSTEM32\VERSION.dll
0x00007ffbd6950000 - 0x00007ffbd69bb000 	C:\WINDOWS\System32\WS2_32.dll
0x00007ffbd3d40000 - 0x00007ffbd3d52000 	C:\WINDOWS\SYSTEM32\kernel.appcore.dll
0x00007ffbd2cb0000 - 0x00007ffbd2cba000 	C:\Users\zd2L04\pleiades\java\17\bin\jimage.dll
0x00007ffbc5e20000 - 0x00007ffbc6004000 	C:\WINDOWS\SYSTEM32\DBGHELP.DLL
0x00007ffbc5df0000 - 0x00007ffbc5e1c000 	C:\WINDOWS\SYSTEM32\dbgcore.DLL
0x00007ffbd6480000 - 0x00007ffbd6502000 	C:\WINDOWS\System32\bcryptPrimitives.dll
0x00007ffbcbd50000 - 0x00007ffbcbd75000 	C:\Users\zd2L04\pleiades\java\17\bin\java.dll
0x00007ffbbbd70000 - 0x00007ffbbbe46000 	C:\Users\zd2L04\pleiades\java\17\bin\jsvml.dll
0x00007ffbd73f0000 - 0x00007ffbd7b33000 	C:\WINDOWS\System32\SHELL32.dll
0x00007ffbd4020000 - 0x00007ffbd47b1000 	C:\WINDOWS\SYSTEM32\windows.storage.dll
0x00007ffbd8230000 - 0x00007ffbd8584000 	C:\WINDOWS\System32\combase.dll
0x00007ffbd59a0000 - 0x00007ffbd59d0000 	C:\WINDOWS\SYSTEM32\Wldp.dll
0x00007ffbd68a0000 - 0x00007ffbd694d000 	C:\WINDOWS\System32\SHCORE.dll
0x00007ffbd7310000 - 0x00007ffbd7365000 	C:\WINDOWS\System32\shlwapi.dll
0x00007ffbd5e80000 - 0x00007ffbd5e9f000 	C:\WINDOWS\SYSTEM32\profapi.dll
0x00007ffbcf8e0000 - 0x00007ffbcf8f9000 	C:\Users\zd2L04\pleiades\java\17\bin\net.dll
0x00007ffbcd6e0000 - 0x00007ffbcd7ed000 	C:\WINDOWS\SYSTEM32\WINHTTP.dll
0x00007ffbd5690000 - 0x00007ffbd56fa000 	C:\WINDOWS\system32\mswsock.dll
0x00007ffbcf080000 - 0x00007ffbcf095000 	C:\Users\zd2L04\pleiades\java\17\bin\nio.dll
0x00007ffbd05e0000 - 0x00007ffbd05f8000 	C:\Users\zd2L04\pleiades\java\17\bin\zip.dll
0x0000000069ac0000 - 0x0000000069ae4000 	C:\Users\zd2L04\AppData\Local\Temp\jansi-2.4.0-2c7fd18e28d54169-jansi.dll
0x00007ffbd2cf0000 - 0x00007ffbd2d00000 	C:\Users\zd2L04\pleiades\java\17\bin\verify.dll

dbghelp: loaded successfully - version: 4.0.5 - missing functions: none
symbol engine: initialized successfully - sym options: 0x614 - pdb path: .;C:\Users\zd2L04\pleiades\java\17\bin;C:\WINDOWS\SYSTEM32;C:\WINDOWS\WinSxS\amd64_microsoft.windows.common-controls_6595b64144ccf1df_6.0.19041.1110_none_60b5254171f9507e;C:\Users\zd2L04\pleiades\java\17\bin\server;C:\Users\zd2L04\AppData\Local\Temp

VM Arguments:
jvm_args: -Dmaven.home=EMBEDDED -Dclassworlds.conf=C:\Users\zd2L04\pleiades\workspace\.metadata\.plugins\org.eclipse.m2e.launching\launches\m2conf17947439969880922171.tmp -Dmaven.multiModuleProjectDirectory=C:\Users\zd2L04\pleiades\workspace\BearMap -Dfile.encoding=UTF-8 -XX:+ShowCodeDetailsInExceptionMessages 
java_command: org.codehaus.plexus.classworlds.launcher.Launcher -Ppom.xml -B package
java_class_path (initial): C:\Users\zd2L04\pleiades\eclipse\plugins\org.eclipse.m2e.maven.runtime_1.18.3.20220227-1319\jars\plexus-classworlds-2.6.0.jar
Launcher Type: SUN_STANDARD

[Global flags]
     intx CICompilerCount                          = 3                                         {product} {ergonomic}
     uint ConcGCThreads                            = 1                                         {product} {ergonomic}
     uint G1ConcRefinementThreads                  = 4                                         {product} {ergonomic}
   size_t G1HeapRegionSize                         = 1048576                                   {product} {ergonomic}
    uintx GCDrainStackTargetSize                   = 64                                        {product} {ergonomic}
   size_t InitialHeapSize                          = 130023424                                 {product} {ergonomic}
   size_t MarkStackSize                            = 4194304                                   {product} {ergonomic}
   size_t MaxHeapSize                              = 2080374784                                {product} {ergonomic}
   size_t MaxNewSize                               = 1247805440                                {product} {ergonomic}
   size_t MinHeapDeltaBytes                        = 1048576                                   {product} {ergonomic}
   size_t MinHeapSize                              = 8388608                                   {product} {ergonomic}
    uintx NonNMethodCodeHeapSize                   = 5832780                                {pd product} {ergonomic}
    uintx NonProfiledCodeHeapSize                  = 122912730                              {pd product} {ergonomic}
    uintx ProfiledCodeHeapSize                     = 122912730                              {pd product} {ergonomic}
    uintx ReservedCodeCacheSize                    = 251658240                              {pd product} {ergonomic}
     bool SegmentedCodeCache                       = true                                      {product} {ergonomic}
     bool ShowCodeDetailsInExceptionMessages       = true                                   {manageable} {command line}
   size_t SoftMaxHeapSize                          = 2080374784                             {manageable} {ergonomic}
     bool UseCompressedClassPointers               = true                           {product lp64_product} {ergonomic}
     bool UseCompressedOops                        = true                           {product lp64_product} {ergonomic}
     bool UseG1GC                                  = true                                      {product} {ergonomic}
     bool UseLargePagesIndividualAllocation        = false                                  {pd product} {ergonomic}

Logging:
Log output configuration:
 #0: stdout all=warning uptime,level,tags
 #1: stderr all=off uptime,level,tags

Environment Variables:
PATH=C:/Users/zd2L04/pleiades/java/17/bin/server;C:/Users/zd2L04/pleiades/java/17/bin;C:\Program Files\Common Files\Microsoft Shared\Windows Live;C:\Program Files (x86)\Common Files\Microsoft Shared\Windows Live;C:\WINDOWS\system32;C:\WINDOWS;C:\WINDOWS\System32\Wbem;C:\WINDOWS\System32\WindowsPowerShell\v1.0\;C:\Program Files (x86)\ATI Technologies\ATI.ACE\Core-Static;C:\Program Files (x86)\Windows Live\Shared;C:\Program Files\Git\cmd;C:\Program Files\vim;C:\Program Files\Sublime Text 3;C:\Ruby23-x64\bin\;C:\ruby-2.4.0\bin\;C:\Users\zd2G19\AppData\Roaming\npm\;C:\Users\zd2G19\AppData\Local\Programs\Git\cmd;;C:\WINDOWS\system32;C:\WINDOWS;C:\WINDOWS\System32\Wbem;C:\WINDOWS\System32\WindowsPowerShell\v1.0\;C:\WINDOWS\System32\OpenSSH\;C:\Program Files\nodejs\;C:\Program Files\WinMerge;C:\Users\zd2L04\AppData\Local\Microsoft\WindowsApps;C:\Users\zd2L04\AppData\Local\Programs\Microsoft VS Code\bin;C:\Users\zd2L04\AppData\Local\Programs\Git\cmd;C:\Users\zd2L04\pleiades\eclipse;
USERNAME=zd2L04
OS=Windows_NT
PROCESSOR_IDENTIFIER=AMD64 Family 16 Model 4 Stepping 3, AuthenticAMD



---------------  S Y S T E M  ---------------

OS:
 Windows 10 , 64 bit Build 19041 (10.0.19041.1889)
OS uptime: 7 days 5:19 hours

CPU: total 4 (initial active 4) (4 cores per cpu, 1 threads per core) family 16 model 4 stepping 3 microcode 0x0, cx8, cmov, fxsr, mmx, 3dnowpref, sse, sse2, sse3, sse4a, popcnt, lzcnt, tsc, tscinvbit, clflush

Memory: 4k page, system-wide physical 7935M (1068M free)
TotalPageFile size 7935M (AvailPageFile size 4M)
current process WorkingSet (physical memory assigned to process): 44M, peak: 44M
current process commit charge ("private bytes"): 206M, peak: 206M

vm_info: OpenJDK 64-Bit Server VM (17.0.2+8) for windows-amd64 JRE (17.0.2+8), built on Jan 20 2022 04:52:34 by "" with MS VC++ 16.7 (VS2019)

END.
