#
# There is insufficient memory for the Java Runtime Environment to continue.
# Native memory allocation (malloc) failed to allocate 32744 bytes for ChunkPool::allocate
# Possible reasons:
#   The system is out of physical RAM or swap space
#   The process is running with CompressedOops enabled, and the Java Heap may be blocking the growth of the native heap
# Possible solutions:
#   Reduce memory load on the system
#   Increase physical memory or swap space
#   Check if swap backing store is full
#   Decrease Java heap size (-Xmx/-Xms)
#   Decrease number of Java threads
#   Decrease Java thread stack sizes (-Xss)
#   Set larger code cache with -XX:ReservedCodeCacheSize=
#   JVM is running with Unscaled Compressed Oops mode in which the Java heap is
#     placed in the first 4GB address space. The Java Heap base address is the
#     maximum limit for the native heap growth. Please use -XX:HeapBaseMinAddress
#     to set the Java Heap base and to place the Java Heap above 4GB virtual address.
# This output file may be truncated or incomplete.
#
#  Out of Memory Error (arena.cpp:78), pid=10812, tid=9132
#
# JRE version: OpenJDK Runtime Environment Temurin-17.0.2+8 (17.0.2+8) (build 17.0.2+8)
# Java VM: OpenJDK 64-Bit Server VM Temurin-17.0.2+8 (17.0.2+8, mixed mode, sharing, tiered, compressed oops, compressed class ptrs, g1 gc, windows-amd64)
# No core dump will be written. Minidumps are not enabled by default on client versions of Windows
#

---------------  S U M M A R Y ------------

Command Line: -Dmaven.home=EMBEDDED -Dclassworlds.conf=C:\Users\zd2L04\pleiades\workspace\.metadata\.plugins\org.eclipse.m2e.launching\launches\m2conf12772136984799233818.tmp -Dmaven.multiModuleProjectDirectory=C:\Users\zd2L04\pleiades\workspace\BearMap -Dfile.encoding=UTF-8 -XX:+ShowCodeDetailsInExceptionMessages org.codehaus.plexus.classworlds.launcher.Launcher -Ppom.xml -B package

Host: AMD Phenom(tm) II X4 955 Processor, 4 cores, 7G,  Windows 10 , 64 bit Build 19041 (10.0.19041.1889)
Time: Fri Oct 21 13:51:22 2022  Windows 10 , 64 bit Build 19041 (10.0.19041.1889) elapsed time: 1.039768 seconds (0d 0h 0m 1s)

---------------  T H R E A D  ---------------

Current thread (0x00000225ff5ec8b0):  JavaThread "C1 CompilerThread0" daemon [_thread_in_native, id=9132, stack(0x00000033cf000000,0x00000033cf100000)]


Current CompileTask:
C1:   1039  959       3       org.codehaus.plexus.util.InterpolationFilterReader::read (477 bytes)

Stack: [0x00000033cf000000,0x00000033cf100000]
Native frames: (J=compiled Java code, j=interpreted, Vv=VM code, C=native code)
V  [jvm.dll+0x67564a]
V  [jvm.dll+0x82fc04]
V  [jvm.dll+0x8313ae]
V  [jvm.dll+0x831a13]
V  [jvm.dll+0x245235]
V  [jvm.dll+0xabfc0]
V  [jvm.dll+0xac30c]
V  [jvm.dll+0xb79dd]
V  [jvm.dll+0x1768bb]
V  [jvm.dll+0x17e92f]
V  [jvm.dll+0x1760f0]
V  [jvm.dll+0x1755d7]
V  [jvm.dll+0x17f3db]
V  [jvm.dll+0x176718]
V  [jvm.dll+0x17a4ff]
V  [jvm.dll+0x134723]
V  [jvm.dll+0x13401f]
V  [jvm.dll+0x134256]
V  [jvm.dll+0x1336ea]
V  [jvm.dll+0x1353b1]
V  [jvm.dll+0x226ef8]
V  [jvm.dll+0x22503c]
V  [jvm.dll+0x7e596b]
V  [jvm.dll+0x7dff2a]
V  [jvm.dll+0x6744d5]
C  [ucrtbase.dll+0x21bb2]
C  [KERNEL32.DLL+0x17034]
C  [ntdll.dll+0x526a1]


---------------  P R O C E S S  ---------------

Threads class SMR info:
_java_thread_list=0x0000022599d3fda0, length=13, elements={
0x00000225fa6de270, 0x00000225ff5c2430, 0x00000225ff5c5330, 0x00000225ff5dbe40,
0x00000225ff5dd800, 0x00000225ff5de1b0, 0x00000225ff5deb60, 0x00000225ff5e2df0,
0x00000225ff5ec8b0, 0x00000225ff659650, 0x0000022599493050, 0x000002259949b7e0,
0x0000022599d77ae0
}

Java Threads: ( => current thread )
  0x00000225fa6de270 JavaThread "main" [_thread_in_vm, id=9064, stack(0x00000033ce200000,0x00000033ce300000)]
  0x00000225ff5c2430 JavaThread "Reference Handler" daemon [_thread_blocked, id=7988, stack(0x00000033ce900000,0x00000033cea00000)]
  0x00000225ff5c5330 JavaThread "Finalizer" daemon [_thread_blocked, id=7812, stack(0x00000033cea00000,0x00000033ceb00000)]
  0x00000225ff5dbe40 JavaThread "Signal Dispatcher" daemon [_thread_blocked, id=4292, stack(0x00000033ceb00000,0x00000033cec00000)]
  0x00000225ff5dd800 JavaThread "Attach Listener" daemon [_thread_blocked, id=10404, stack(0x00000033cec00000,0x00000033ced00000)]
  0x00000225ff5de1b0 JavaThread "Service Thread" daemon [_thread_blocked, id=7200, stack(0x00000033ced00000,0x00000033cee00000)]
  0x00000225ff5deb60 JavaThread "Monitor Deflation Thread" daemon [_thread_blocked, id=4956, stack(0x00000033cee00000,0x00000033cef00000)]
  0x00000225ff5e2df0 JavaThread "C2 CompilerThread0" daemon [_thread_in_native, id=5472, stack(0x00000033cef00000,0x00000033cf000000)]
=>0x00000225ff5ec8b0 JavaThread "C1 CompilerThread0" daemon [_thread_in_native, id=9132, stack(0x00000033cf000000,0x00000033cf100000)]
  0x00000225ff659650 JavaThread "Sweeper thread" daemon [_thread_blocked, id=7976, stack(0x00000033cf100000,0x00000033cf200000)]
  0x0000022599493050 JavaThread "Notification Thread" daemon [_thread_blocked, id=6368, stack(0x00000033cf200000,0x00000033cf300000)]
  0x000002259949b7e0 JavaThread "Common-Cleaner" daemon [_thread_blocked, id=11164, stack(0x00000033cf400000,0x00000033cf500000)]
  0x0000022599d77ae0 JavaThread "C2 CompilerThread1" daemon [_thread_in_native, id=8336, stack(0x00000033cf800000,0x00000033cf900000)]

Other Threads:
  0x00000225ff5baf60 VMThread "VM Thread" [stack: 0x00000033ce800000,0x00000033ce900000] [id=5944]
  0x0000022599495530 WatcherThread [stack: 0x00000033cf300000,0x00000033cf400000] [id=8612]
  0x00000225fa71b230 GCTaskThread "GC Thread#0" [stack: 0x00000033ce300000,0x00000033ce400000] [id=3644]
  0x00000225995a7c90 GCTaskThread "GC Thread#1" [stack: 0x00000033cf500000,0x00000033cf600000] [id=11252]
  0x0000022599b67060 GCTaskThread "GC Thread#2" [stack: 0x00000033cf600000,0x00000033cf700000] [id=1848]
  0x0000022599dbe630 GCTaskThread "GC Thread#3" [stack: 0x00000033cf700000,0x00000033cf800000] [id=5988]
  0x00000225fa72c980 ConcurrentGCThread "G1 Main Marker" [stack: 0x00000033ce400000,0x00000033ce500000] [id=8176]
  0x00000225fa72d390 ConcurrentGCThread "G1 Conc#0" [stack: 0x00000033ce500000,0x00000033ce600000] [id=9120]
  0x00000225fa7a22f0 ConcurrentGCThread "G1 Refine#0" [stack: 0x00000033ce600000,0x00000033ce700000] [id=7064]
  0x00000225fa7a2d10 ConcurrentGCThread "G1 Service" [stack: 0x00000033ce700000,0x00000033ce800000] [id=6108]

Threads with active compile tasks:
C2 CompilerThread0     1060  925   !   4       sun.nio.cs.StreamDecoder::read (196 bytes)
C1 CompilerThread0     1060  959       3       org.codehaus.plexus.util.InterpolationFilterReader::read (477 bytes)
C2 CompilerThread1     1060  942   !   4       sun.nio.cs.StreamDecoder::read0 (116 bytes)

VM state: not at safepoint (normal execution)

VM Mutex/Monitor currently owned by a thread: None

Heap address: 0x0000000084000000, size: 1984 MB, Compressed Oops mode: 32-bit

CDS archive(s) mapped at: [0x0000000800000000-0x0000000800bc0000-0x0000000800bc0000), size 12320768, SharedBaseAddress: 0x0000000800000000, ArchiveRelocationMode: 0.
Compressed class space mapped at: 0x0000000800c00000-0x0000000840c00000, reserved size: 1073741824
Narrow klass base: 0x0000000800000000, Narrow klass shift: 0, Narrow klass range: 0x100000000

GC Precious Log:
 CPUs: 4 total, 4 available
 Memory: 7935M
 Large Page Support: Disabled
 NUMA Support: Disabled
 Compressed Oops: Enabled (32-bit)
 Heap Region Size: 1M
 Heap Min Capacity: 8M
 Heap Initial Capacity: 124M
 Heap Max Capacity: 1984M
 Pre-touch: Disabled
 Parallel Workers: 4
 Concurrent Workers: 1
 Concurrent Refinement Workers: 4
 Periodic GC: Disabled

Heap:
 garbage-first heap   total 126976K, used 11014K [0x0000000084000000, 0x0000000100000000)
  region size 1024K, 11 young (11264K), 2 survivors (2048K)
 Metaspace       used 4855K, committed 4992K, reserved 1056768K
  class space    used 558K, committed 640K, reserved 1048576K

Heap Regions: E=young(eden), S=young(survivor), O=old, HS=humongous(starts), HC=humongous(continues), CS=collection set, F=free, OA=open archive, CA=closed archive, TAMS=top-at-mark-start (previous, next)
|   0|0x0000000084000000, 0x00000000840c1800, 0x0000000084100000| 75%| O|  |TAMS 0x0000000084000000, 0x0000000084000000| Untracked 
|   1|0x0000000084100000, 0x0000000084100000, 0x0000000084200000|  0%| F|  |TAMS 0x0000000084100000, 0x0000000084100000| Untracked 
|   2|0x0000000084200000, 0x0000000084200000, 0x0000000084300000|  0%| F|  |TAMS 0x0000000084200000, 0x0000000084200000| Untracked 
|   3|0x0000000084300000, 0x0000000084300000, 0x0000000084400000|  0%| F|  |TAMS 0x0000000084300000, 0x0000000084300000| Untracked 
|   4|0x0000000084400000, 0x0000000084400000, 0x0000000084500000|  0%| F|  |TAMS 0x0000000084400000, 0x0000000084400000| Untracked 
|   5|0x0000000084500000, 0x0000000084500000, 0x0000000084600000|  0%| F|  |TAMS 0x0000000084500000, 0x0000000084500000| Untracked 
|   6|0x0000000084600000, 0x0000000084600000, 0x0000000084700000|  0%| F|  |TAMS 0x0000000084600000, 0x0000000084600000| Untracked 
|   7|0x0000000084700000, 0x0000000084700000, 0x0000000084800000|  0%| F|  |TAMS 0x0000000084700000, 0x0000000084700000| Untracked 
|   8|0x0000000084800000, 0x0000000084800000, 0x0000000084900000|  0%| F|  |TAMS 0x0000000084800000, 0x0000000084800000| Untracked 
|   9|0x0000000084900000, 0x0000000084900000, 0x0000000084a00000|  0%| F|  |TAMS 0x0000000084900000, 0x0000000084900000| Untracked 
|  10|0x0000000084a00000, 0x0000000084a00000, 0x0000000084b00000|  0%| F|  |TAMS 0x0000000084a00000, 0x0000000084a00000| Untracked 
|  11|0x0000000084b00000, 0x0000000084b00000, 0x0000000084c00000|  0%| F|  |TAMS 0x0000000084b00000, 0x0000000084b00000| Untracked 
|  12|0x0000000084c00000, 0x0000000084c00000, 0x0000000084d00000|  0%| F|  |TAMS 0x0000000084c00000, 0x0000000084c00000| Untracked 
|  13|0x0000000084d00000, 0x0000000084d00000, 0x0000000084e00000|  0%| F|  |TAMS 0x0000000084d00000, 0x0000000084d00000| Untracked 
|  14|0x0000000084e00000, 0x0000000084e00000, 0x0000000084f00000|  0%| F|  |TAMS 0x0000000084e00000, 0x0000000084e00000| Untracked 
|  15|0x0000000084f00000, 0x0000000084f00000, 0x0000000085000000|  0%| F|  |TAMS 0x0000000084f00000, 0x0000000084f00000| Untracked 
|  16|0x0000000085000000, 0x0000000085000000, 0x0000000085100000|  0%| F|  |TAMS 0x0000000085000000, 0x0000000085000000| Untracked 
|  17|0x0000000085100000, 0x0000000085100000, 0x0000000085200000|  0%| F|  |TAMS 0x0000000085100000, 0x0000000085100000| Untracked 
|  18|0x0000000085200000, 0x0000000085200000, 0x0000000085300000|  0%| F|  |TAMS 0x0000000085200000, 0x0000000085200000| Untracked 
|  19|0x0000000085300000, 0x0000000085300000, 0x0000000085400000|  0%| F|  |TAMS 0x0000000085300000, 0x0000000085300000| Untracked 
|  20|0x0000000085400000, 0x0000000085400000, 0x0000000085500000|  0%| F|  |TAMS 0x0000000085400000, 0x0000000085400000| Untracked 
|  21|0x0000000085500000, 0x0000000085500000, 0x0000000085600000|  0%| F|  |TAMS 0x0000000085500000, 0x0000000085500000| Untracked 
|  22|0x0000000085600000, 0x0000000085600000, 0x0000000085700000|  0%| F|  |TAMS 0x0000000085600000, 0x0000000085600000| Untracked 
|  23|0x0000000085700000, 0x0000000085700000, 0x0000000085800000|  0%| F|  |TAMS 0x0000000085700000, 0x0000000085700000| Untracked 
|  24|0x0000000085800000, 0x0000000085800000, 0x0000000085900000|  0%| F|  |TAMS 0x0000000085800000, 0x0000000085800000| Untracked 
|  25|0x0000000085900000, 0x0000000085900000, 0x0000000085a00000|  0%| F|  |TAMS 0x0000000085900000, 0x0000000085900000| Untracked 
|  26|0x0000000085a00000, 0x0000000085a00000, 0x0000000085b00000|  0%| F|  |TAMS 0x0000000085a00000, 0x0000000085a00000| Untracked 
|  27|0x0000000085b00000, 0x0000000085b00000, 0x0000000085c00000|  0%| F|  |TAMS 0x0000000085b00000, 0x0000000085b00000| Untracked 
|  28|0x0000000085c00000, 0x0000000085c00000, 0x0000000085d00000|  0%| F|  |TAMS 0x0000000085c00000, 0x0000000085c00000| Untracked 
|  29|0x0000000085d00000, 0x0000000085d00000, 0x0000000085e00000|  0%| F|  |TAMS 0x0000000085d00000, 0x0000000085d00000| Untracked 
|  30|0x0000000085e00000, 0x0000000085e00000, 0x0000000085f00000|  0%| F|  |TAMS 0x0000000085e00000, 0x0000000085e00000| Untracked 
|  31|0x0000000085f00000, 0x0000000085f00000, 0x0000000086000000|  0%| F|  |TAMS 0x0000000085f00000, 0x0000000085f00000| Untracked 
|  32|0x0000000086000000, 0x0000000086000000, 0x0000000086100000|  0%| F|  |TAMS 0x0000000086000000, 0x0000000086000000| Untracked 
|  33|0x0000000086100000, 0x0000000086100000, 0x0000000086200000|  0%| F|  |TAMS 0x0000000086100000, 0x0000000086100000| Untracked 
|  34|0x0000000086200000, 0x0000000086200000, 0x0000000086300000|  0%| F|  |TAMS 0x0000000086200000, 0x0000000086200000| Untracked 
|  35|0x0000000086300000, 0x0000000086300000, 0x0000000086400000|  0%| F|  |TAMS 0x0000000086300000, 0x0000000086300000| Untracked 
|  36|0x0000000086400000, 0x0000000086400000, 0x0000000086500000|  0%| F|  |TAMS 0x0000000086400000, 0x0000000086400000| Untracked 
|  37|0x0000000086500000, 0x0000000086500000, 0x0000000086600000|  0%| F|  |TAMS 0x0000000086500000, 0x0000000086500000| Untracked 
|  38|0x0000000086600000, 0x0000000086600000, 0x0000000086700000|  0%| F|  |TAMS 0x0000000086600000, 0x0000000086600000| Untracked 
|  39|0x0000000086700000, 0x0000000086700000, 0x0000000086800000|  0%| F|  |TAMS 0x0000000086700000, 0x0000000086700000| Untracked 
|  40|0x0000000086800000, 0x0000000086800000, 0x0000000086900000|  0%| F|  |TAMS 0x0000000086800000, 0x0000000086800000| Untracked 
|  41|0x0000000086900000, 0x0000000086900000, 0x0000000086a00000|  0%| F|  |TAMS 0x0000000086900000, 0x0000000086900000| Untracked 
|  42|0x0000000086a00000, 0x0000000086a00000, 0x0000000086b00000|  0%| F|  |TAMS 0x0000000086a00000, 0x0000000086a00000| Untracked 
|  43|0x0000000086b00000, 0x0000000086b00000, 0x0000000086c00000|  0%| F|  |TAMS 0x0000000086b00000, 0x0000000086b00000| Untracked 
|  44|0x0000000086c00000, 0x0000000086c00000, 0x0000000086d00000|  0%| F|  |TAMS 0x0000000086c00000, 0x0000000086c00000| Untracked 
|  45|0x0000000086d00000, 0x0000000086d00000, 0x0000000086e00000|  0%| F|  |TAMS 0x0000000086d00000, 0x0000000086d00000| Untracked 
|  46|0x0000000086e00000, 0x0000000086e00000, 0x0000000086f00000|  0%| F|  |TAMS 0x0000000086e00000, 0x0000000086e00000| Untracked 
|  47|0x0000000086f00000, 0x0000000086f00000, 0x0000000087000000|  0%| F|  |TAMS 0x0000000086f00000, 0x0000000086f00000| Untracked 
|  48|0x0000000087000000, 0x0000000087000000, 0x0000000087100000|  0%| F|  |TAMS 0x0000000087000000, 0x0000000087000000| Untracked 
|  49|0x0000000087100000, 0x0000000087100000, 0x0000000087200000|  0%| F|  |TAMS 0x0000000087100000, 0x0000000087100000| Untracked 
|  50|0x0000000087200000, 0x0000000087200000, 0x0000000087300000|  0%| F|  |TAMS 0x0000000087200000, 0x0000000087200000| Untracked 
|  51|0x0000000087300000, 0x0000000087300000, 0x0000000087400000|  0%| F|  |TAMS 0x0000000087300000, 0x0000000087300000| Untracked 
|  52|0x0000000087400000, 0x0000000087400000, 0x0000000087500000|  0%| F|  |TAMS 0x0000000087400000, 0x0000000087400000| Untracked 
|  53|0x0000000087500000, 0x0000000087500000, 0x0000000087600000|  0%| F|  |TAMS 0x0000000087500000, 0x0000000087500000| Untracked 
|  54|0x0000000087600000, 0x0000000087600000, 0x0000000087700000|  0%| F|  |TAMS 0x0000000087600000, 0x0000000087600000| Untracked 
|  55|0x0000000087700000, 0x0000000087700000, 0x0000000087800000|  0%| F|  |TAMS 0x0000000087700000, 0x0000000087700000| Untracked 
|  56|0x0000000087800000, 0x0000000087800000, 0x0000000087900000|  0%| F|  |TAMS 0x0000000087800000, 0x0000000087800000| Untracked 
|  57|0x0000000087900000, 0x0000000087900000, 0x0000000087a00000|  0%| F|  |TAMS 0x0000000087900000, 0x0000000087900000| Untracked 
|  58|0x0000000087a00000, 0x0000000087a00000, 0x0000000087b00000|  0%| F|  |TAMS 0x0000000087a00000, 0x0000000087a00000| Untracked 
|  59|0x0000000087b00000, 0x0000000087b00000, 0x0000000087c00000|  0%| F|  |TAMS 0x0000000087b00000, 0x0000000087b00000| Untracked 
|  60|0x0000000087c00000, 0x0000000087c00000, 0x0000000087d00000|  0%| F|  |TAMS 0x0000000087c00000, 0x0000000087c00000| Untracked 
|  61|0x0000000087d00000, 0x0000000087d00000, 0x0000000087e00000|  0%| F|  |TAMS 0x0000000087d00000, 0x0000000087d00000| Untracked 
|  62|0x0000000087e00000, 0x0000000087e00000, 0x0000000087f00000|  0%| F|  |TAMS 0x0000000087e00000, 0x0000000087e00000| Untracked 
|  63|0x0000000087f00000, 0x0000000087f00000, 0x0000000088000000|  0%| F|  |TAMS 0x0000000087f00000, 0x0000000087f00000| Untracked 
|  64|0x0000000088000000, 0x0000000088000000, 0x0000000088100000|  0%| F|  |TAMS 0x0000000088000000, 0x0000000088000000| Untracked 
|  65|0x0000000088100000, 0x0000000088100000, 0x0000000088200000|  0%| F|  |TAMS 0x0000000088100000, 0x0000000088100000| Untracked 
|  66|0x0000000088200000, 0x0000000088200000, 0x0000000088300000|  0%| F|  |TAMS 0x0000000088200000, 0x0000000088200000| Untracked 
|  67|0x0000000088300000, 0x0000000088300000, 0x0000000088400000|  0%| F|  |TAMS 0x0000000088300000, 0x0000000088300000| Untracked 
|  68|0x0000000088400000, 0x0000000088400000, 0x0000000088500000|  0%| F|  |TAMS 0x0000000088400000, 0x0000000088400000| Untracked 
|  69|0x0000000088500000, 0x0000000088500000, 0x0000000088600000|  0%| F|  |TAMS 0x0000000088500000, 0x0000000088500000| Untracked 
|  70|0x0000000088600000, 0x0000000088600000, 0x0000000088700000|  0%| F|  |TAMS 0x0000000088600000, 0x0000000088600000| Untracked 
|  71|0x0000000088700000, 0x0000000088700000, 0x0000000088800000|  0%| F|  |TAMS 0x0000000088700000, 0x0000000088700000| Untracked 
|  72|0x0000000088800000, 0x0000000088800000, 0x0000000088900000|  0%| F|  |TAMS 0x0000000088800000, 0x0000000088800000| Untracked 
|  73|0x0000000088900000, 0x0000000088900000, 0x0000000088a00000|  0%| F|  |TAMS 0x0000000088900000, 0x0000000088900000| Untracked 
|  74|0x0000000088a00000, 0x0000000088a00000, 0x0000000088b00000|  0%| F|  |TAMS 0x0000000088a00000, 0x0000000088a00000| Untracked 
|  75|0x0000000088b00000, 0x0000000088b00000, 0x0000000088c00000|  0%| F|  |TAMS 0x0000000088b00000, 0x0000000088b00000| Untracked 
|  76|0x0000000088c00000, 0x0000000088c00000, 0x0000000088d00000|  0%| F|  |TAMS 0x0000000088c00000, 0x0000000088c00000| Untracked 
|  77|0x0000000088d00000, 0x0000000088d00000, 0x0000000088e00000|  0%| F|  |TAMS 0x0000000088d00000, 0x0000000088d00000| Untracked 
|  78|0x0000000088e00000, 0x0000000088e00000, 0x0000000088f00000|  0%| F|  |TAMS 0x0000000088e00000, 0x0000000088e00000| Untracked 
|  79|0x0000000088f00000, 0x0000000088f00000, 0x0000000089000000|  0%| F|  |TAMS 0x0000000088f00000, 0x0000000088f00000| Untracked 
|  80|0x0000000089000000, 0x0000000089000000, 0x0000000089100000|  0%| F|  |TAMS 0x0000000089000000, 0x0000000089000000| Untracked 
|  81|0x0000000089100000, 0x0000000089100000, 0x0000000089200000|  0%| F|  |TAMS 0x0000000089100000, 0x0000000089100000| Untracked 
|  82|0x0000000089200000, 0x0000000089200000, 0x0000000089300000|  0%| F|  |TAMS 0x0000000089200000, 0x0000000089200000| Untracked 
|  83|0x0000000089300000, 0x0000000089300000, 0x0000000089400000|  0%| F|  |TAMS 0x0000000089300000, 0x0000000089300000| Untracked 
|  84|0x0000000089400000, 0x0000000089400000, 0x0000000089500000|  0%| F|  |TAMS 0x0000000089400000, 0x0000000089400000| Untracked 
|  85|0x0000000089500000, 0x0000000089500000, 0x0000000089600000|  0%| F|  |TAMS 0x0000000089500000, 0x0000000089500000| Untracked 
|  86|0x0000000089600000, 0x0000000089600000, 0x0000000089700000|  0%| F|  |TAMS 0x0000000089600000, 0x0000000089600000| Untracked 
|  87|0x0000000089700000, 0x0000000089700000, 0x0000000089800000|  0%| F|  |TAMS 0x0000000089700000, 0x0000000089700000| Untracked 
|  88|0x0000000089800000, 0x0000000089800000, 0x0000000089900000|  0%| F|  |TAMS 0x0000000089800000, 0x0000000089800000| Untracked 
|  89|0x0000000089900000, 0x0000000089900000, 0x0000000089a00000|  0%| F|  |TAMS 0x0000000089900000, 0x0000000089900000| Untracked 
|  90|0x0000000089a00000, 0x0000000089a00000, 0x0000000089b00000|  0%| F|  |TAMS 0x0000000089a00000, 0x0000000089a00000| Untracked 
|  91|0x0000000089b00000, 0x0000000089b00000, 0x0000000089c00000|  0%| F|  |TAMS 0x0000000089b00000, 0x0000000089b00000| Untracked 
|  92|0x0000000089c00000, 0x0000000089c00000, 0x0000000089d00000|  0%| F|  |TAMS 0x0000000089c00000, 0x0000000089c00000| Untracked 
|  93|0x0000000089d00000, 0x0000000089d00000, 0x0000000089e00000|  0%| F|  |TAMS 0x0000000089d00000, 0x0000000089d00000| Untracked 
|  94|0x0000000089e00000, 0x0000000089e00000, 0x0000000089f00000|  0%| F|  |TAMS 0x0000000089e00000, 0x0000000089e00000| Untracked 
|  95|0x0000000089f00000, 0x0000000089f00000, 0x000000008a000000|  0%| F|  |TAMS 0x0000000089f00000, 0x0000000089f00000| Untracked 
|  96|0x000000008a000000, 0x000000008a000000, 0x000000008a100000|  0%| F|  |TAMS 0x000000008a000000, 0x000000008a000000| Untracked 
|  97|0x000000008a100000, 0x000000008a100000, 0x000000008a200000|  0%| F|  |TAMS 0x000000008a100000, 0x000000008a100000| Untracked 
|  98|0x000000008a200000, 0x000000008a200000, 0x000000008a300000|  0%| F|  |TAMS 0x000000008a200000, 0x000000008a200000| Untracked 
|  99|0x000000008a300000, 0x000000008a300000, 0x000000008a400000|  0%| F|  |TAMS 0x000000008a300000, 0x000000008a300000| Untracked 
| 100|0x000000008a400000, 0x000000008a400000, 0x000000008a500000|  0%| F|  |TAMS 0x000000008a400000, 0x000000008a400000| Untracked 
| 101|0x000000008a500000, 0x000000008a500000, 0x000000008a600000|  0%| F|  |TAMS 0x000000008a500000, 0x000000008a500000| Untracked 
| 102|0x000000008a600000, 0x000000008a600000, 0x000000008a700000|  0%| F|  |TAMS 0x000000008a600000, 0x000000008a600000| Untracked 
| 103|0x000000008a700000, 0x000000008a700000, 0x000000008a800000|  0%| F|  |TAMS 0x000000008a700000, 0x000000008a700000| Untracked 
| 104|0x000000008a800000, 0x000000008a800000, 0x000000008a900000|  0%| F|  |TAMS 0x000000008a800000, 0x000000008a800000| Untracked 
| 105|0x000000008a900000, 0x000000008a900000, 0x000000008aa00000|  0%| F|  |TAMS 0x000000008a900000, 0x000000008a900000| Untracked 
| 106|0x000000008aa00000, 0x000000008aa00000, 0x000000008ab00000|  0%| F|  |TAMS 0x000000008aa00000, 0x000000008aa00000| Untracked 
| 107|0x000000008ab00000, 0x000000008ab00000, 0x000000008ac00000|  0%| F|  |TAMS 0x000000008ab00000, 0x000000008ab00000| Untracked 
| 108|0x000000008ac00000, 0x000000008ac00000, 0x000000008ad00000|  0%| F|  |TAMS 0x000000008ac00000, 0x000000008ac00000| Untracked 
| 109|0x000000008ad00000, 0x000000008ae00000, 0x000000008ae00000|100%| S|CS|TAMS 0x000000008ad00000, 0x000000008ad00000| Complete 
| 110|0x000000008ae00000, 0x000000008af00000, 0x000000008af00000|100%| S|CS|TAMS 0x000000008ae00000, 0x000000008ae00000| Complete 
| 111|0x000000008af00000, 0x000000008af00000, 0x000000008b000000|  0%| F|  |TAMS 0x000000008af00000, 0x000000008af00000| Untracked 
| 112|0x000000008b000000, 0x000000008b000000, 0x000000008b100000|  0%| F|  |TAMS 0x000000008b000000, 0x000000008b000000| Untracked 
| 113|0x000000008b100000, 0x000000008b100000, 0x000000008b200000|  0%| F|  |TAMS 0x000000008b100000, 0x000000008b100000| Untracked 
| 114|0x000000008b200000, 0x000000008b200000, 0x000000008b300000|  0%| F|  |TAMS 0x000000008b200000, 0x000000008b200000| Untracked 
| 115|0x000000008b300000, 0x000000008b3e2138, 0x000000008b400000| 88%| E|  |TAMS 0x000000008b300000, 0x000000008b300000| Complete 
| 116|0x000000008b400000, 0x000000008b500000, 0x000000008b500000|100%| E|CS|TAMS 0x000000008b400000, 0x000000008b400000| Complete 
| 117|0x000000008b500000, 0x000000008b600000, 0x000000008b600000|100%| E|CS|TAMS 0x000000008b500000, 0x000000008b500000| Complete 
| 118|0x000000008b600000, 0x000000008b700000, 0x000000008b700000|100%| E|CS|TAMS 0x000000008b600000, 0x000000008b600000| Complete 
| 119|0x000000008b700000, 0x000000008b800000, 0x000000008b800000|100%| E|CS|TAMS 0x000000008b700000, 0x000000008b700000| Complete 
| 120|0x000000008b800000, 0x000000008b900000, 0x000000008b900000|100%| E|CS|TAMS 0x000000008b800000, 0x000000008b800000| Complete 
| 121|0x000000008b900000, 0x000000008ba00000, 0x000000008ba00000|100%| E|CS|TAMS 0x000000008b900000, 0x000000008b900000| Complete 
| 122|0x000000008ba00000, 0x000000008bb00000, 0x000000008bb00000|100%| E|CS|TAMS 0x000000008ba00000, 0x000000008ba00000| Complete 
| 123|0x000000008bb00000, 0x000000008bc00000, 0x000000008bc00000|100%| E|CS|TAMS 0x000000008bb00000, 0x000000008bb00000| Complete 

Card table byte_map: [0x00000225faba0000,0x00000225faf80000] _byte_map_base: 0x00000225fa780000

Marking Bits (Prev, Next): (CMBitMap*) 0x00000225fa71c850, (CMBitMap*) 0x00000225fa71c890
 Prev Bits: [0x00000225fb360000, 0x00000225fd260000)
 Next Bits: [0x00000225fd260000, 0x00000225ff160000)

Polling page: 0x00000225f86f0000

Metaspace:

Usage:
  Non-class:      4.20 MB used.
      Class:    558.67 KB used.
       Both:      4.74 MB used.

Virtual space:
  Non-class space:        8.00 MB reserved,       4.25 MB ( 53%) committed,  1 nodes.
      Class space:        1.00 GB reserved,     640.00 KB ( <1%) committed,  1 nodes.
             Both:        1.01 GB reserved,       4.88 MB ( <1%) committed. 

Chunk freelists:
   Non-Class:  1.38 MB
       Class:  3.34 MB
        Both:  4.72 MB

MaxMetaspaceSize: unlimited
CompressedClassSpaceSize: 1.00 GB
Initial GC threshold: 21.00 MB
Current GC threshold: 21.00 MB
CDS: on
MetaspaceReclaimPolicy: balanced
 - commit_granule_bytes: 65536.
 - commit_granule_words: 8192.
 - virtual_space_node_default_size: 1048576.
 - enlarge_chunks_in_place: 1.
 - new_chunks_are_fully_committed: 0.
 - uncommit_free_chunks: 1.
 - use_allocation_guard: 0.
 - handle_deallocations: 1.


Internal statistics:

num_allocs_failed_limit: 0.
num_arena_births: 14.
num_arena_deaths: 0.
num_vsnodes_births: 2.
num_vsnodes_deaths: 0.
num_space_committed: 78.
num_space_uncommitted: 0.
num_chunks_returned_to_freelist: 0.
num_chunks_taken_from_freelist: 144.
num_chunk_merges: 0.
num_chunk_splits: 109.
num_chunks_enlarged: 96.
num_purges: 0.
num_inconsistent_stats: 0.

CodeHeap 'non-profiled nmethods': size=120000Kb used=307Kb max_used=307Kb free=119692Kb
 bounds [0x000002258f4c0000, 0x000002258f730000, 0x00000225969f0000]
CodeHeap 'profiled nmethods': size=120000Kb used=2004Kb max_used=2004Kb free=117995Kb
 bounds [0x0000022587f90000, 0x0000022588200000, 0x000002258f4c0000]
CodeHeap 'non-nmethods': size=5760Kb used=1172Kb max_used=1182Kb free=4587Kb
 bounds [0x00000225879f0000, 0x0000022587c60000, 0x0000022587f90000]
 total_blobs=1394 nmethods=954 adapters=352
 compilation: enabled
              stopped_count=0, restarted_count=0
 full_count=0

Compilation events (20 events):
Event: 1.023 Thread 0x00000225ff5ec8b0 nmethod 950% 0x0000022588176590 code [0x0000022588176760, 0x0000022588176b28]
Event: 1.023 Thread 0x00000225ff5ec8b0  951       3       org.codehaus.plexus.util.xml.pull.MXParser::require (443 bytes)
Event: 1.027 Thread 0x0000022599d77ae0 nmethod 947 0x000002258f50b790 code [0x000002258f50b9e0, 0x000002258f50c508]
Event: 1.027 Thread 0x0000022599d77ae0  942   !   4       sun.nio.cs.StreamDecoder::read0 (116 bytes)
Event: 1.027 Thread 0x00000225ff5ec8b0 nmethod 951 0x0000022588176c90 code [0x0000022588177520, 0x000002258817b018]
Event: 1.027 Thread 0x00000225ff5ec8b0  952       3       java.util.Collections::emptyMap (4 bytes)
Event: 1.027 Thread 0x00000225ff5ec8b0 nmethod 952 0x000002258817c390 code [0x000002258817c520, 0x000002258817c618]
Event: 1.027 Thread 0x00000225ff5ec8b0  953       3       java.net.URLClassLoader::isSealed (72 bytes)
Event: 1.029 Thread 0x00000225ff5ec8b0 nmethod 953 0x000002258817c690 code [0x000002258817caa0, 0x000002258817e648]
Event: 1.030 Thread 0x00000225ff5ec8b0  954       3       java.lang.Math::abs (13 bytes)
Event: 1.030 Thread 0x00000225ff5ec8b0 nmethod 954 0x000002258817f110 code [0x000002258817f2a0, 0x000002258817f418]
Event: 1.030 Thread 0x00000225ff5ec8b0  955       3       java.lang.String::<init> (830 bytes)
Event: 1.033 Thread 0x00000225ff5ec8b0 nmethod 955 0x000002258817f490 code [0x000002258817f960, 0x00000225881824e8]
Event: 1.033 Thread 0x00000225ff5ec8b0  956       3       java.lang.StringBuilder::charAt (6 bytes)
Event: 1.033 Thread 0x00000225ff5ec8b0 nmethod 956 0x0000022588183090 code [0x0000022588183220, 0x0000022588183368]
Event: 1.033 Thread 0x00000225ff5ec8b0  957       3       java.lang.AbstractStringBuilder::charAt (36 bytes)
Event: 1.033 Thread 0x00000225ff5ec8b0 nmethod 957 0x0000022588183410 code [0x0000022588183600, 0x0000022588183a38]
Event: 1.033 Thread 0x00000225ff5ec8b0  958       3       sun.nio.cs.StreamDecoder::implRead (243 bytes)
Event: 1.034 Thread 0x00000225ff5ec8b0 nmethod 958 0x0000022588183c10 code [0x0000022588183ec0, 0x0000022588184cb8]
Event: 1.034 Thread 0x00000225ff5ec8b0  959       3       org.codehaus.plexus.util.InterpolationFilterReader::read (477 bytes)

GC Heap History (2 events):
Event: 0.776 GC heap before
{Heap before GC invocations=0 (full 0):
 garbage-first heap   total 126976K, used 13312K [0x0000000084000000, 0x0000000100000000)
  region size 1024K, 13 young (13312K), 0 survivors (0K)
 Metaspace       used 3655K, committed 3776K, reserved 1056768K
  class space    used 389K, committed 448K, reserved 1048576K
}
Event: 0.783 GC heap after
{Heap after GC invocations=1 (full 0):
 garbage-first heap   total 126976K, used 2822K [0x0000000084000000, 0x0000000100000000)
  region size 1024K, 2 young (2048K), 2 survivors (2048K)
 Metaspace       used 3655K, committed 3776K, reserved 1056768K
  class space    used 389K, committed 448K, reserved 1048576K
}

Deoptimization events (20 events):
Event: 0.932 Thread 0x00000225fa6de270 DEOPT PACKING pc=0x000002258f4de22c sp=0x00000033ce2fdcd0
Event: 0.932 Thread 0x00000225fa6de270 DEOPT UNPACKING pc=0x0000022587a4239d sp=0x00000033ce2fdc60 mode 2
Event: 0.970 Thread 0x00000225fa6de270 Uncommon trap: trap_request=0xffffff45 fr.pc=0x000002258f5028d8 relative=0x0000000000001378
Event: 0.971 Thread 0x00000225fa6de270 Uncommon trap: reason=unstable_if action=reinterpret pc=0x000002258f5028d8 method=java.nio.charset.CoderResult.isOverflow()Z @ 5 c2
Event: 0.971 Thread 0x00000225fa6de270 DEOPT PACKING pc=0x000002258f5028d8 sp=0x00000033ce2fda80
Event: 0.971 Thread 0x00000225fa6de270 DEOPT UNPACKING pc=0x0000022587a4239d sp=0x00000033ce2fd780 mode 2
Event: 1.023 Thread 0x00000225fa6de270 Uncommon trap: trap_request=0xffffff45 fr.pc=0x000002258f50a7ac relative=0x00000000000005ac
Event: 1.023 Thread 0x00000225fa6de270 Uncommon trap: reason=unstable_if action=reinterpret pc=0x000002258f50a7ac method=sun.nio.cs.StreamDecoder.implRead([CII)I @ 197 c2
Event: 1.023 Thread 0x00000225fa6de270 DEOPT PACKING pc=0x000002258f50a7ac sp=0x00000033ce2fd700
Event: 1.023 Thread 0x00000225fa6de270 DEOPT UNPACKING pc=0x0000022587a4239d sp=0x00000033ce2fd6c0 mode 2
Event: 1.023 Thread 0x00000225fa6de270 Uncommon trap: trap_request=0xffffff45 fr.pc=0x000002258f505058 relative=0x0000000000000218
Event: 1.023 Thread 0x00000225fa6de270 Uncommon trap: reason=unstable_if action=reinterpret pc=0x000002258f505058 method=java.io.Reader.read()I @ 12 c2
Event: 1.023 Thread 0x00000225fa6de270 DEOPT PACKING pc=0x000002258f505058 sp=0x00000033ce2fd9a0
Event: 1.023 Thread 0x00000225fa6de270 DEOPT UNPACKING pc=0x0000022587a4239d sp=0x00000033ce2fd8b0 mode 2
Event: 1.029 Thread 0x00000225fa6de270 Uncommon trap: trap_request=0xffffff45 fr.pc=0x000002258f50c36c relative=0x000000000000098c
Event: 1.029 Thread 0x00000225fa6de270 Uncommon trap: reason=unstable_if action=reinterpret pc=0x000002258f50c36c method=org.codehaus.plexus.util.xml.pull.MXParser.nextImpl()I @ 241 c2
Event: 1.029 Thread 0x00000225fa6de270 DEOPT PACKING pc=0x000002258f50c36c sp=0x00000033ce2fde70
Event: 1.029 Thread 0x00000225fa6de270 DEOPT UNPACKING pc=0x0000022587a4239d sp=0x00000033ce2fdde8 mode 2
Event: 1.030 Thread 0x00000225fa6de270 DEOPT PACKING pc=0x0000022587fd51a4 sp=0x00000033ce2fda50
Event: 1.030 Thread 0x00000225fa6de270 DEOPT UNPACKING pc=0x0000022587a42b24 sp=0x00000033ce2fcef0 mode 0

Classes unloaded (0 events):
No events

Classes redefined (0 events):
No events

Internal exceptions (13 events):
Event: 0.257 Thread 0x00000225fa6de270 Exception <a 'java/lang/NullPointerException'{0x000000008b86a140}> (0x000000008b86a140) 
thrown [e:\jenkins\tmp\workspace\build\src\src\hotspot\share\interpreter\linkResolver.cpp, line 1357]
Event: 0.326 Thread 0x00000225fa6de270 Exception <a 'java/lang/NullPointerException'{0x000000008b8e9cd0}> (0x000000008b8e9cd0) 
thrown [e:\jenkins\tmp\workspace\build\src\src\hotspot\share\interpreter\linkResolver.cpp, line 1357]
Event: 0.326 Thread 0x00000225fa6de270 Exception <a 'java/lang/NullPointerException'{0x000000008b8e9fa8}> (0x000000008b8e9fa8) 
thrown [e:\jenkins\tmp\workspace\build\src\src\hotspot\share\interpreter\linkResolver.cpp, line 1357]
Event: 0.326 Thread 0x00000225fa6de270 Exception <a 'java/lang/NullPointerException'{0x000000008b8ea280}> (0x000000008b8ea280) 
thrown [e:\jenkins\tmp\workspace\build\src\src\hotspot\share\interpreter\linkResolver.cpp, line 1357]
Event: 0.328 Thread 0x00000225fa6de270 Exception <a 'java/lang/NullPointerException'{0x000000008b8f0118}> (0x000000008b8f0118) 
thrown [e:\jenkins\tmp\workspace\build\src\src\hotspot\share\interpreter\linkResolver.cpp, line 1357]
Event: 0.331 Thread 0x00000225fa6de270 Exception <a 'java/lang/NullPointerException'{0x000000008b8fdf48}> (0x000000008b8fdf48) 
thrown [e:\jenkins\tmp\workspace\build\src\src\hotspot\share\interpreter\linkResolver.cpp, line 1357]
Event: 0.331 Thread 0x00000225fa6de270 Exception <a 'java/lang/NullPointerException'{0x000000008b8fe220}> (0x000000008b8fe220) 
thrown [e:\jenkins\tmp\workspace\build\src\src\hotspot\share\interpreter\linkResolver.cpp, line 1357]
Event: 0.331 Thread 0x00000225fa6de270 Exception <a 'java/lang/NullPointerException'{0x000000008b8fe4f8}> (0x000000008b8fe4f8) 
thrown [e:\jenkins\tmp\workspace\build\src\src\hotspot\share\interpreter\linkResolver.cpp, line 1357]
Event: 0.331 Thread 0x00000225fa6de270 Exception <a 'java/lang/NullPointerException'{0x000000008b8fe7d0}> (0x000000008b8fe7d0) 
thrown [e:\jenkins\tmp\workspace\build\src\src\hotspot\share\interpreter\linkResolver.cpp, line 1357]
Event: 0.404 Thread 0x00000225fa6de270 Exception <a 'java/lang/NullPointerException'{0x000000008b64de40}> (0x000000008b64de40) 
thrown [e:\jenkins\tmp\workspace\build\src\src\hotspot\share\interpreter\linkResolver.cpp, line 1357]
Event: 0.404 Thread 0x00000225fa6de270 Exception <a 'java/lang/NullPointerException'{0x000000008b6563f8}> (0x000000008b6563f8) 
thrown [e:\jenkins\tmp\workspace\build\src\src\hotspot\share\interpreter\linkResolver.cpp, line 1357]
Event: 0.846 Thread 0x00000225fa6de270 Exception <a 'java/lang/NoSuchMethodError'{0x000000008ba48c88}: 'java.lang.Object java.lang.invoke.DirectMethodHandle$Holder.newInvokeSpecial(java.lang.Object, java.lang.Object, java.lang.Object, java.lang.Object, java.lang.Object)'> (0x000000008ba48c88) 
thrown [e:\jenkins\tmp\workspace\build\src\src\hotspot\share\interpreter\linkResolver.cpp, line 766]
Event: 0.925 Thread 0x00000225fa6de270 Exception <a 'java/lang/NoClassDefFoundError'{0x000000008b9b4c18}: javax/enterprise/inject/Typed> (0x000000008b9b4c18) 
thrown [e:\jenkins\tmp\workspace\build\src\src\hotspot\share\classfile\systemDictionary.cpp, line 245]

VM Operations (10 events):
Event: 0.106 Executing VM operation: HandshakeAllThreads
Event: 0.106 Executing VM operation: HandshakeAllThreads done
Event: 0.256 Executing VM operation: HandshakeAllThreads
Event: 0.256 Executing VM operation: HandshakeAllThreads done
Event: 0.268 Executing VM operation: HandshakeAllThreads
Event: 0.268 Executing VM operation: HandshakeAllThreads done
Event: 0.454 Executing VM operation: HandshakeAllThreads
Event: 0.455 Executing VM operation: HandshakeAllThreads done
Event: 0.776 Executing VM operation: G1CollectForAllocation
Event: 0.783 Executing VM operation: G1CollectForAllocation done

Events (20 events):
Event: 0.905 loading class sun/reflect/generics/repository/AbstractRepository done
Event: 0.905 loading class sun/reflect/generics/repository/GenericDeclRepository done
Event: 0.905 loading class sun/reflect/generics/repository/ClassRepository done
Event: 0.905 loading class sun/reflect/generics/tree/FormalTypeParameter
Event: 0.905 loading class sun/reflect/generics/tree/FormalTypeParameter done
Event: 0.905 loading class sun/reflect/generics/tree/ClassSignature
Event: 0.905 loading class sun/reflect/generics/tree/Signature
Event: 0.905 loading class sun/reflect/generics/tree/Signature done
Event: 0.905 loading class sun/reflect/generics/tree/ClassSignature done
Event: 0.905 loading class java/lang/reflect/TypeVariable
Event: 0.905 loading class java/lang/reflect/TypeVariable done
Event: 0.905 loading class java/lang/reflect/WildcardType
Event: 0.905 loading class java/lang/reflect/WildcardType done
Event: 0.910 loading class sun/reflect/generics/tree/TypeVariableSignature
Event: 0.910 loading class sun/reflect/generics/tree/TypeVariableSignature done
Event: 0.924 loading class java/lang/annotation/IncompleteAnnotationException
Event: 0.924 loading class java/lang/annotation/IncompleteAnnotationException done
Event: 0.955 Thread 0x0000022599d77ae0 Thread added: 0x0000022599d77ae0
Event: 0.970 loading class jdk/internal/access/foreign/MemorySegmentProxy
Event: 0.970 loading class jdk/internal/access/foreign/MemorySegmentProxy done


Dynamic libraries:
0x00007ff697bd0000 - 0x00007ff697bde000 	C:\Users\zd2L04\pleiades\java\17\bin\javaw.exe
0x00007ffbd8830000 - 0x00007ffbd8a28000 	C:\WINDOWS\SYSTEM32\ntdll.dll
0x00007ffbd7e20000 - 0x00007ffbd7edd000 	C:\WINDOWS\System32\KERNEL32.DLL
0x00007ffbd6510000 - 0x00007ffbd67e2000 	C:\WINDOWS\System32\KERNELBASE.dll
0x00007ffbd62e0000 - 0x00007ffbd63e0000 	C:\WINDOWS\System32\ucrtbase.dll
0x00007ffbd2d00000 - 0x00007ffbd2d19000 	C:\Users\zd2L04\pleiades\java\17\bin\VCRUNTIME140.dll
0x00007ffbd0650000 - 0x00007ffbd0668000 	C:\Users\zd2L04\pleiades\java\17\bin\jli.dll
0x00007ffbd70c0000 - 0x00007ffbd725d000 	C:\WINDOWS\System32\USER32.dll
0x00007ffbd6040000 - 0x00007ffbd6062000 	C:\WINDOWS\System32\win32u.dll
0x00007ffbd7c20000 - 0x00007ffbd7c4b000 	C:\WINDOWS\System32\GDI32.dll
0x00007ffbd61d0000 - 0x00007ffbd62df000 	C:\WINDOWS\System32\gdi32full.dll
0x00007ffbb5270000 - 0x00007ffbb550a000 	C:\WINDOWS\WinSxS\amd64_microsoft.windows.common-controls_6595b64144ccf1df_6.0.19041.1110_none_60b5254171f9507e\COMCTL32.dll
0x00007ffbd63e0000 - 0x00007ffbd647d000 	C:\WINDOWS\System32\msvcp_win.dll
0x00007ffbd7270000 - 0x00007ffbd730e000 	C:\WINDOWS\System32\msvcrt.dll
0x00007ffbd7090000 - 0x00007ffbd70c0000 	C:\WINDOWS\System32\IMM32.DLL
0x00007ffbd3720000 - 0x00007ffbd372c000 	C:\Users\zd2L04\pleiades\java\17\bin\vcruntime140_1.dll
0x00007ffb97160000 - 0x00007ffb971f1000 	C:\Users\zd2L04\pleiades\java\17\bin\msvcp140.dll
0x00007ffb82880000 - 0x00007ffb834c7000 	C:\Users\zd2L04\pleiades\java\17\bin\server\jvm.dll
0x00007ffbd6f60000 - 0x00007ffbd700e000 	C:\WINDOWS\System32\ADVAPI32.dll
0x00007ffbd7c50000 - 0x00007ffbd7cec000 	C:\WINDOWS\System32\sechost.dll
0x00007ffbd7cf0000 - 0x00007ffbd7e15000 	C:\WINDOWS\System32\RPCRT4.dll
0x00007ffbd7260000 - 0x00007ffbd7268000 	C:\WINDOWS\System32\PSAPI.DLL
0x00007ffbc7e70000 - 0x00007ffbc7e79000 	C:\WINDOWS\SYSTEM32\WSOCK32.dll
0x00007ffbd1550000 - 0x00007ffbd1577000 	C:\WINDOWS\SYSTEM32\WINMM.dll
0x00007ffbd6950000 - 0x00007ffbd69bb000 	C:\WINDOWS\System32\WS2_32.dll
0x00007ffbd0830000 - 0x00007ffbd083a000 	C:\WINDOWS\SYSTEM32\VERSION.dll
0x00007ffbd3d40000 - 0x00007ffbd3d52000 	C:\WINDOWS\SYSTEM32\kernel.appcore.dll
0x00007ffbd2cb0000 - 0x00007ffbd2cba000 	C:\Users\zd2L04\pleiades\java\17\bin\jimage.dll
0x00007ffbc5e20000 - 0x00007ffbc6004000 	C:\WINDOWS\SYSTEM32\DBGHELP.DLL
0x00007ffbc5df0000 - 0x00007ffbc5e1c000 	C:\WINDOWS\SYSTEM32\dbgcore.DLL
0x00007ffbd6480000 - 0x00007ffbd6502000 	C:\WINDOWS\System32\bcryptPrimitives.dll
0x00007ffbcbd50000 - 0x00007ffbcbd75000 	C:\Users\zd2L04\pleiades\java\17\bin\java.dll
0x00007ffbbbd70000 - 0x00007ffbbbe46000 	C:\Users\zd2L04\pleiades\java\17\bin\jsvml.dll
0x00007ffbd73f0000 - 0x00007ffbd7b33000 	C:\WINDOWS\System32\SHELL32.dll
0x00007ffbd4020000 - 0x00007ffbd47b1000 	C:\WINDOWS\SYSTEM32\windows.storage.dll
0x00007ffbd8230000 - 0x00007ffbd8584000 	C:\WINDOWS\System32\combase.dll
0x00007ffbd59a0000 - 0x00007ffbd59d0000 	C:\WINDOWS\SYSTEM32\Wldp.dll
0x00007ffbd68a0000 - 0x00007ffbd694d000 	C:\WINDOWS\System32\SHCORE.dll
0x00007ffbd7310000 - 0x00007ffbd7365000 	C:\WINDOWS\System32\shlwapi.dll
0x00007ffbd5e80000 - 0x00007ffbd5e9f000 	C:\WINDOWS\SYSTEM32\profapi.dll
0x00007ffbcf8e0000 - 0x00007ffbcf8f9000 	C:\Users\zd2L04\pleiades\java\17\bin\net.dll
0x00007ffbcd6e0000 - 0x00007ffbcd7ed000 	C:\WINDOWS\SYSTEM32\WINHTTP.dll
0x00007ffbd5690000 - 0x00007ffbd56fa000 	C:\WINDOWS\system32\mswsock.dll
0x00007ffbcf080000 - 0x00007ffbcf095000 	C:\Users\zd2L04\pleiades\java\17\bin\nio.dll
0x00007ffbd05e0000 - 0x00007ffbd05f8000 	C:\Users\zd2L04\pleiades\java\17\bin\zip.dll
0x0000000069ac0000 - 0x0000000069ae4000 	C:\Users\zd2L04\AppData\Local\Temp\jansi-2.4.0-9e10279f369370e5-jansi.dll
0x00007ffbd2cf0000 - 0x00007ffbd2d00000 	C:\Users\zd2L04\pleiades\java\17\bin\verify.dll

dbghelp: loaded successfully - version: 4.0.5 - missing functions: none
symbol engine: initialized successfully - sym options: 0x614 - pdb path: .;C:\Users\zd2L04\pleiades\java\17\bin;C:\WINDOWS\SYSTEM32;C:\WINDOWS\WinSxS\amd64_microsoft.windows.common-controls_6595b64144ccf1df_6.0.19041.1110_none_60b5254171f9507e;C:\Users\zd2L04\pleiades\java\17\bin\server;C:\Users\zd2L04\AppData\Local\Temp

VM Arguments:
jvm_args: -Dmaven.home=EMBEDDED -Dclassworlds.conf=C:\Users\zd2L04\pleiades\workspace\.metadata\.plugins\org.eclipse.m2e.launching\launches\m2conf12772136984799233818.tmp -Dmaven.multiModuleProjectDirectory=C:\Users\zd2L04\pleiades\workspace\BearMap -Dfile.encoding=UTF-8 -XX:+ShowCodeDetailsInExceptionMessages 
java_command: org.codehaus.plexus.classworlds.launcher.Launcher -Ppom.xml -B package
java_class_path (initial): C:\Users\zd2L04\pleiades\eclipse\plugins\org.eclipse.m2e.maven.runtime_1.18.3.20220227-1319\jars\plexus-classworlds-2.6.0.jar
Launcher Type: SUN_STANDARD

[Global flags]
     intx CICompilerCount                          = 3                                         {product} {ergonomic}
     uint ConcGCThreads                            = 1                                         {product} {ergonomic}
     uint G1ConcRefinementThreads                  = 4                                         {product} {ergonomic}
   size_t G1HeapRegionSize                         = 1048576                                   {product} {ergonomic}
    uintx GCDrainStackTargetSize                   = 64                                        {product} {ergonomic}
   size_t InitialHeapSize                          = 130023424                                 {product} {ergonomic}
   size_t MarkStackSize                            = 4194304                                   {product} {ergonomic}
   size_t MaxHeapSize                              = 2080374784                                {product} {ergonomic}
   size_t MaxNewSize                               = 1247805440                                {product} {ergonomic}
   size_t MinHeapDeltaBytes                        = 1048576                                   {product} {ergonomic}
   size_t MinHeapSize                              = 8388608                                   {product} {ergonomic}
    uintx NonNMethodCodeHeapSize                   = 5832780                                {pd product} {ergonomic}
    uintx NonProfiledCodeHeapSize                  = 122912730                              {pd product} {ergonomic}
    uintx ProfiledCodeHeapSize                     = 122912730                              {pd product} {ergonomic}
    uintx ReservedCodeCacheSize                    = 251658240                              {pd product} {ergonomic}
     bool SegmentedCodeCache                       = true                                      {product} {ergonomic}
     bool ShowCodeDetailsInExceptionMessages       = true                                   {manageable} {command line}
   size_t SoftMaxHeapSize                          = 2080374784                             {manageable} {ergonomic}
     bool UseCompressedClassPointers               = true                           {product lp64_product} {ergonomic}
     bool UseCompressedOops                        = true                           {product lp64_product} {ergonomic}
     bool UseG1GC                                  = true                                      {product} {ergonomic}
     bool UseLargePagesIndividualAllocation        = false                                  {pd product} {ergonomic}

Logging:
Log output configuration:
 #0: stdout all=warning uptime,level,tags
 #1: stderr all=off uptime,level,tags

Environment Variables:
PATH=C:/Users/zd2L04/pleiades/java/17/bin/server;C:/Users/zd2L04/pleiades/java/17/bin;C:\Program Files\Common Files\Microsoft Shared\Windows Live;C:\Program Files (x86)\Common Files\Microsoft Shared\Windows Live;C:\WINDOWS\system32;C:\WINDOWS;C:\WINDOWS\System32\Wbem;C:\WINDOWS\System32\WindowsPowerShell\v1.0\;C:\Program Files (x86)\ATI Technologies\ATI.ACE\Core-Static;C:\Program Files (x86)\Windows Live\Shared;C:\Program Files\Git\cmd;C:\Program Files\vim;C:\Program Files\Sublime Text 3;C:\Ruby23-x64\bin\;C:\ruby-2.4.0\bin\;C:\Users\zd2G19\AppData\Roaming\npm\;C:\Users\zd2G19\AppData\Local\Programs\Git\cmd;;C:\WINDOWS\system32;C:\WINDOWS;C:\WINDOWS\System32\Wbem;C:\WINDOWS\System32\WindowsPowerShell\v1.0\;C:\WINDOWS\System32\OpenSSH\;C:\Program Files\nodejs\;C:\Program Files\WinMerge;C:\Users\zd2L04\AppData\Local\Microsoft\WindowsApps;C:\Users\zd2L04\AppData\Local\Programs\Microsoft VS Code\bin;C:\Users\zd2L04\AppData\Local\Programs\Git\cmd;C:\Users\zd2L04\pleiades\eclipse;
USERNAME=zd2L04
OS=Windows_NT
PROCESSOR_IDENTIFIER=AMD64 Family 16 Model 4 Stepping 3, AuthenticAMD



---------------  S Y S T E M  ---------------

OS:
 Windows 10 , 64 bit Build 19041 (10.0.19041.1889)
OS uptime: 7 days 5:19 hours

CPU: total 4 (initial active 4) (4 cores per cpu, 1 threads per core) family 16 model 4 stepping 3 microcode 0x0, cx8, cmov, fxsr, mmx, 3dnowpref, sse, sse2, sse3, sse4a, popcnt, lzcnt, tsc, tscinvbit, clflush

Memory: 4k page, system-wide physical 7935M (1036M free)
TotalPageFile size 7935M (AvailPageFile size 4M)
current process WorkingSet (physical memory assigned to process): 67M, peak: 67M
current process commit charge ("private bytes"): 214M, peak: 214M

vm_info: OpenJDK 64-Bit Server VM (17.0.2+8) for windows-amd64 JRE (17.0.2+8), built on Jan 20 2022 04:52:34 by "" with MS VC++ 16.7 (VS2019)

END.
