#
# There is insufficient memory for the Java Runtime Environment to continue.
# Native memory allocation (malloc) failed to allocate 32744 bytes for ChunkPool::allocate
# Possible reasons:
#   The system is out of physical RAM or swap space
#   The process is running with CompressedOops enabled, and the Java Heap may be blocking the growth of the native heap
# Possible solutions:
#   Reduce memory load on the system
#   Increase physical memory or swap space
#   Check if swap backing store is full
#   Decrease Java heap size (-Xmx/-Xms)
#   Decrease number of Java threads
#   Decrease Java thread stack sizes (-Xss)
#   Set larger code cache with -XX:ReservedCodeCacheSize=
#   JVM is running with Unscaled Compressed Oops mode in which the Java heap is
#     placed in the first 4GB address space. The Java Heap base address is the
#     maximum limit for the native heap growth. Please use -XX:HeapBaseMinAddress
#     to set the Java Heap base and to place the Java Heap above 4GB virtual address.
# This output file may be truncated or incomplete.
#
#  Out of Memory Error (arena.cpp:78), pid=11228, tid=5828
#
# JRE version: OpenJDK Runtime Environment Temurin-17.0.2+8 (17.0.2+8) (build 17.0.2+8)
# Java VM: OpenJDK 64-Bit Server VM Temurin-17.0.2+8 (17.0.2+8, mixed mode, tiered, compressed oops, compressed class ptrs, g1 gc, windows-amd64)
# No core dump will be written. Minidumps are not enabled by default on client versions of Windows
#

---------------  S U M M A R Y ------------

Command Line: C:\Users\zd2L04\AppData\Local\Temp\surefire7476976059508322625\surefirebooter397077899913618774.jar C:\Users\zd2L04\AppData\Local\Temp\surefire7476976059508322625 2022-10-21T13-52-36_254-jvmRun1 surefire8551668485680404846tmp surefire_06719458092901008354tmp

Host: AMD Phenom(tm) II X4 955 Processor, 4 cores, 7G,  Windows 10 , 64 bit Build 19041 (10.0.19041.1889)
Time: Fri Oct 21 13:52:37 2022  Windows 10 , 64 bit Build 19041 (10.0.19041.1889) elapsed time: 0.179343 seconds (0d 0h 0m 0s)

---------------  T H R E A D  ---------------

Current thread (0x000001a8bdc02a40):  JavaThread "C1 CompilerThread0" daemon [_thread_in_native, id=5828, stack(0x0000004090800000,0x0000004090900000)]


Current CompileTask:
C1:    179   89       3      
[error occurred during error reporting (printing current compile task), id 0xe0000001, Out of Memory Error (e:\jenkins\tmp\workspace\build\src\src\hotspot\share\memory\arena.cpp:78)]

Stack: [0x0000004090800000,0x0000004090900000]
Native frames: (J=compiled Java code, j=interpreted, Vv=VM code, C=native code)
V  [jvm.dll+0x67564a]
V  [jvm.dll+0x82fc04]
V  [jvm.dll+0x8313ae]
V  [jvm.dll+0x831a13]
V  [jvm.dll+0x245235]
V  [jvm.dll+0xabfc0]
V  [jvm.dll+0xac30c]
V  [jvm.dll+0x79d6ac]
V  [jvm.dll+0x79d799]
V  [jvm.dll+0x6294a9]
V  [jvm.dll+0x22b886]
V  [jvm.dll+0x22be07]
V  [jvm.dll+0x82fa9a]
V  [jvm.dll+0x8313ae]
V  [jvm.dll+0x831a13]
V  [jvm.dll+0x245235]
V  [jvm.dll+0xabfc0]
V  [jvm.dll+0xac30c]
V  [jvm.dll+0x179563]
V  [jvm.dll+0x1790cd]
V  [jvm.dll+0x177414]
V  [jvm.dll+0x1776da]
V  [jvm.dll+0x17a813]
V  [jvm.dll+0x134723]
V  [jvm.dll+0x13401f]
V  [jvm.dll+0x134256]
V  [jvm.dll+0x1336ea]
V  [jvm.dll+0x1353b1]
V  [jvm.dll+0x226ef8]
V  [jvm.dll+0x22503c]
V  [jvm.dll+0x7e596b]
V  [jvm.dll+0x7dff2a]
V  [jvm.dll+0x6744d5]
C  [ucrtbase.dll+0x21bb2]
C  [KERNEL32.DLL+0x17034]
C  [ntdll.dll+0x526a1]


---------------  P R O C E S S  ---------------

Threads class SMR info:
_java_thread_list=0x000001a8bd325c60, length=12, elements={
0x000001a89da2e070, 0x000001a8bd3003f0, 0x000001a8bd3039a0, 0x000001a8bd35dcf0,
0x000001a8bd35e5b0, 0x000001a8bd357dc0, 0x000001a8bd34e1c0, 0x000001a8bd34ee30,
0x000001a8bdc02a40, 0x000001a8bdc36f60, 0x000001a8bdd82370, 0x000001a8bdd95b20
}

Java Threads: ( => current thread )
  0x000001a89da2e070 JavaThread "main" [_thread_in_vm, id=10176, stack(0x000000408fa00000,0x000000408fb00000)]
  0x000001a8bd3003f0 JavaThread "Reference Handler" daemon [_thread_blocked, id=2392, stack(0x0000004090100000,0x0000004090200000)]
  0x000001a8bd3039a0 JavaThread "Finalizer" daemon [_thread_blocked, id=5164, stack(0x0000004090200000,0x0000004090300000)]
  0x000001a8bd35dcf0 JavaThread "Signal Dispatcher" daemon [_thread_blocked, id=2312, stack(0x0000004090300000,0x0000004090400000)]
  0x000001a8bd35e5b0 JavaThread "Attach Listener" daemon [_thread_blocked, id=6204, stack(0x0000004090400000,0x0000004090500000)]
  0x000001a8bd357dc0 JavaThread "Service Thread" daemon [_thread_blocked, id=4968, stack(0x0000004090500000,0x0000004090600000)]
  0x000001a8bd34e1c0 JavaThread "Monitor Deflation Thread" daemon [_thread_blocked, id=7920, stack(0x0000004090600000,0x0000004090700000)]
  0x000001a8bd34ee30 JavaThread "C2 CompilerThread0" daemon [_thread_blocked, id=8368, stack(0x0000004090700000,0x0000004090800000)]
=>0x000001a8bdc02a40 JavaThread "C1 CompilerThread0" daemon [_thread_in_native, id=5828, stack(0x0000004090800000,0x0000004090900000)]
  0x000001a8bdc36f60 JavaThread "Sweeper thread" daemon [_thread_blocked, id=8384, stack(0x0000004090900000,0x0000004090a00000)]
  0x000001a8bdd82370 JavaThread "Notification Thread" daemon [_thread_blocked, id=2352, stack(0x0000004090a00000,0x0000004090b00000)]
  0x000001a8bdd95b20 JavaThread "Common-Cleaner" daemon [_thread_blocked, id=6176, stack(0x0000004090c00000,0x0000004090d00000)]

Other Threads:
  0x000001a8bd295c50 VMThread "VM Thread" [stack: 0x0000004090000000,0x0000004090100000] [id=9760]
  0x000001a8bdd84850 WatcherThread [stack: 0x0000004090b00000,0x0000004090c00000] [id=3240]
  0x000001a89da6cd40 GCTaskThread "GC Thread#0" [stack: 0x000000408fb00000,0x000000408fc00000] [id=7076]
  0x000001a89da7e3a0 ConcurrentGCThread "G1 Main Marker" [stack: 0x000000408fc00000,0x000000408fd00000] [id=11212]
  0x000001a89da7f460 ConcurrentGCThread "G1 Conc#0" [stack: 0x000000408fd00000,0x000000408fe00000] [id=9856]
  0x000001a89dae4f20 ConcurrentGCThread "G1 Refine#0" [stack: 0x000000408fe00000,0x000000408ff00000] [id=4872]
  0x000001a89dae5850 ConcurrentGCThread "G1 Service" [stack: 0x000000408ff00000,0x0000004090000000] [id=6272]

Threads with active compile tasks:
C1 CompilerThread0      198   89       3       java.util.StringTokenizer::scanToken (179 bytes)

VM state: not at safepoint (normal execution)

VM Mutex/Monitor currently owned by a thread:  ([mutex/lock_event])
[0x000001a89da27c70] Metaspace_lock - owner thread: 0x000001a89da2e070

Heap address: 0x0000000084000000, size: 1984 MB, Compressed Oops mode: 32-bit

CDS archive(s) not mapped
Compressed class space mapped at: 0x0000000100000000-0x0000000140000000, reserved size: 1073741824
Narrow klass base: 0x0000000000000000, Narrow klass shift: 3, Narrow klass range: 0x140000000

GC Precious Log:
 CPUs: 4 total, 4 available
 Memory: 7935M
 Large Page Support: Disabled
 NUMA Support: Disabled
 Compressed Oops: Enabled (32-bit)
 Heap Region Size: 1M
 Heap Min Capacity: 8M
 Heap Initial Capacity: 124M
 Heap Max Capacity: 1984M
 Pre-touch: Disabled
 Parallel Workers: 4
 Concurrent Workers: 1
 Concurrent Refinement Workers: 4
 Periodic GC: Disabled

Heap:
 garbage-first heap   total 126976K, used 1024K [0x0000000084000000, 0x0000000100000000)
  region size 1024K, 2 young (2048K), 0 survivors (0K)
 Metaspace       used 4606K, committed 4608K, reserved 1056768K
  class space    used 382K, committed 384K, reserved 1048576K

Heap Regions: E=young(eden), S=young(survivor), O=old, HS=humongous(starts), HC=humongous(continues), CS=collection set, F=free, OA=open archive, CA=closed archive, TAMS=top-at-mark-start (previous, next)
|   0|0x0000000084000000, 0x0000000084000000, 0x0000000084100000|  0%| F|  |TAMS 0x0000000084000000, 0x0000000084000000| Untracked 
|   1|0x0000000084100000, 0x0000000084100000, 0x0000000084200000|  0%| F|  |TAMS 0x0000000084100000, 0x0000000084100000| Untracked 
|   2|0x0000000084200000, 0x0000000084200000, 0x0000000084300000|  0%| F|  |TAMS 0x0000000084200000, 0x0000000084200000| Untracked 
|   3|0x0000000084300000, 0x0000000084300000, 0x0000000084400000|  0%| F|  |TAMS 0x0000000084300000, 0x0000000084300000| Untracked 
|   4|0x0000000084400000, 0x0000000084400000, 0x0000000084500000|  0%| F|  |TAMS 0x0000000084400000, 0x0000000084400000| Untracked 
|   5|0x0000000084500000, 0x0000000084500000, 0x0000000084600000|  0%| F|  |TAMS 0x0000000084500000, 0x0000000084500000| Untracked 
|   6|0x0000000084600000, 0x0000000084600000, 0x0000000084700000|  0%| F|  |TAMS 0x0000000084600000, 0x0000000084600000| Untracked 
|   7|0x0000000084700000, 0x0000000084700000, 0x0000000084800000|  0%| F|  |TAMS 0x0000000084700000, 0x0000000084700000| Untracked 
|   8|0x0000000084800000, 0x0000000084800000, 0x0000000084900000|  0%| F|  |TAMS 0x0000000084800000, 0x0000000084800000| Untracked 
|   9|0x0000000084900000, 0x0000000084900000, 0x0000000084a00000|  0%| F|  |TAMS 0x0000000084900000, 0x0000000084900000| Untracked 
|  10|0x0000000084a00000, 0x0000000084a00000, 0x0000000084b00000|  0%| F|  |TAMS 0x0000000084a00000, 0x0000000084a00000| Untracked 
|  11|0x0000000084b00000, 0x0000000084b00000, 0x0000000084c00000|  0%| F|  |TAMS 0x0000000084b00000, 0x0000000084b00000| Untracked 
|  12|0x0000000084c00000, 0x0000000084c00000, 0x0000000084d00000|  0%| F|  |TAMS 0x0000000084c00000, 0x0000000084c00000| Untracked 
|  13|0x0000000084d00000, 0x0000000084d00000, 0x0000000084e00000|  0%| F|  |TAMS 0x0000000084d00000, 0x0000000084d00000| Untracked 
|  14|0x0000000084e00000, 0x0000000084e00000, 0x0000000084f00000|  0%| F|  |TAMS 0x0000000084e00000, 0x0000000084e00000| Untracked 
|  15|0x0000000084f00000, 0x0000000084f00000, 0x0000000085000000|  0%| F|  |TAMS 0x0000000084f00000, 0x0000000084f00000| Untracked 
|  16|0x0000000085000000, 0x0000000085000000, 0x0000000085100000|  0%| F|  |TAMS 0x0000000085000000, 0x0000000085000000| Untracked 
|  17|0x0000000085100000, 0x0000000085100000, 0x0000000085200000|  0%| F|  |TAMS 0x0000000085100000, 0x0000000085100000| Untracked 
|  18|0x0000000085200000, 0x0000000085200000, 0x0000000085300000|  0%| F|  |TAMS 0x0000000085200000, 0x0000000085200000| Untracked 
|  19|0x0000000085300000, 0x0000000085300000, 0x0000000085400000|  0%| F|  |TAMS 0x0000000085300000, 0x0000000085300000| Untracked 
|  20|0x0000000085400000, 0x0000000085400000, 0x0000000085500000|  0%| F|  |TAMS 0x0000000085400000, 0x0000000085400000| Untracked 
|  21|0x0000000085500000, 0x0000000085500000, 0x0000000085600000|  0%| F|  |TAMS 0x0000000085500000, 0x0000000085500000| Untracked 
|  22|0x0000000085600000, 0x0000000085600000, 0x0000000085700000|  0%| F|  |TAMS 0x0000000085600000, 0x0000000085600000| Untracked 
|  23|0x0000000085700000, 0x0000000085700000, 0x0000000085800000|  0%| F|  |TAMS 0x0000000085700000, 0x0000000085700000| Untracked 
|  24|0x0000000085800000, 0x0000000085800000, 0x0000000085900000|  0%| F|  |TAMS 0x0000000085800000, 0x0000000085800000| Untracked 
|  25|0x0000000085900000, 0x0000000085900000, 0x0000000085a00000|  0%| F|  |TAMS 0x0000000085900000, 0x0000000085900000| Untracked 
|  26|0x0000000085a00000, 0x0000000085a00000, 0x0000000085b00000|  0%| F|  |TAMS 0x0000000085a00000, 0x0000000085a00000| Untracked 
|  27|0x0000000085b00000, 0x0000000085b00000, 0x0000000085c00000|  0%| F|  |TAMS 0x0000000085b00000, 0x0000000085b00000| Untracked 
|  28|0x0000000085c00000, 0x0000000085c00000, 0x0000000085d00000|  0%| F|  |TAMS 0x0000000085c00000, 0x0000000085c00000| Untracked 
|  29|0x0000000085d00000, 0x0000000085d00000, 0x0000000085e00000|  0%| F|  |TAMS 0x0000000085d00000, 0x0000000085d00000| Untracked 
|  30|0x0000000085e00000, 0x0000000085e00000, 0x0000000085f00000|  0%| F|  |TAMS 0x0000000085e00000, 0x0000000085e00000| Untracked 
|  31|0x0000000085f00000, 0x0000000085f00000, 0x0000000086000000|  0%| F|  |TAMS 0x0000000085f00000, 0x0000000085f00000| Untracked 
|  32|0x0000000086000000, 0x0000000086000000, 0x0000000086100000|  0%| F|  |TAMS 0x0000000086000000, 0x0000000086000000| Untracked 
|  33|0x0000000086100000, 0x0000000086100000, 0x0000000086200000|  0%| F|  |TAMS 0x0000000086100000, 0x0000000086100000| Untracked 
|  34|0x0000000086200000, 0x0000000086200000, 0x0000000086300000|  0%| F|  |TAMS 0x0000000086200000, 0x0000000086200000| Untracked 
|  35|0x0000000086300000, 0x0000000086300000, 0x0000000086400000|  0%| F|  |TAMS 0x0000000086300000, 0x0000000086300000| Untracked 
|  36|0x0000000086400000, 0x0000000086400000, 0x0000000086500000|  0%| F|  |TAMS 0x0000000086400000, 0x0000000086400000| Untracked 
|  37|0x0000000086500000, 0x0000000086500000, 0x0000000086600000|  0%| F|  |TAMS 0x0000000086500000, 0x0000000086500000| Untracked 
|  38|0x0000000086600000, 0x0000000086600000, 0x0000000086700000|  0%| F|  |TAMS 0x0000000086600000, 0x0000000086600000| Untracked 
|  39|0x0000000086700000, 0x0000000086700000, 0x0000000086800000|  0%| F|  |TAMS 0x0000000086700000, 0x0000000086700000| Untracked 
|  40|0x0000000086800000, 0x0000000086800000, 0x0000000086900000|  0%| F|  |TAMS 0x0000000086800000, 0x0000000086800000| Untracked 
|  41|0x0000000086900000, 0x0000000086900000, 0x0000000086a00000|  0%| F|  |TAMS 0x0000000086900000, 0x0000000086900000| Untracked 
|  42|0x0000000086a00000, 0x0000000086a00000, 0x0000000086b00000|  0%| F|  |TAMS 0x0000000086a00000, 0x0000000086a00000| Untracked 
|  43|0x0000000086b00000, 0x0000000086b00000, 0x0000000086c00000|  0%| F|  |TAMS 0x0000000086b00000, 0x0000000086b00000| Untracked 
|  44|0x0000000086c00000, 0x0000000086c00000, 0x0000000086d00000|  0%| F|  |TAMS 0x0000000086c00000, 0x0000000086c00000| Untracked 
|  45|0x0000000086d00000, 0x0000000086d00000, 0x0000000086e00000|  0%| F|  |TAMS 0x0000000086d00000, 0x0000000086d00000| Untracked 
|  46|0x0000000086e00000, 0x0000000086e00000, 0x0000000086f00000|  0%| F|  |TAMS 0x0000000086e00000, 0x0000000086e00000| Untracked 
|  47|0x0000000086f00000, 0x0000000086f00000, 0x0000000087000000|  0%| F|  |TAMS 0x0000000086f00000, 0x0000000086f00000| Untracked 
|  48|0x0000000087000000, 0x0000000087000000, 0x0000000087100000|  0%| F|  |TAMS 0x0000000087000000, 0x0000000087000000| Untracked 
|  49|0x0000000087100000, 0x0000000087100000, 0x0000000087200000|  0%| F|  |TAMS 0x0000000087100000, 0x0000000087100000| Untracked 
|  50|0x0000000087200000, 0x0000000087200000, 0x0000000087300000|  0%| F|  |TAMS 0x0000000087200000, 0x0000000087200000| Untracked 
|  51|0x0000000087300000, 0x0000000087300000, 0x0000000087400000|  0%| F|  |TAMS 0x0000000087300000, 0x0000000087300000| Untracked 
|  52|0x0000000087400000, 0x0000000087400000, 0x0000000087500000|  0%| F|  |TAMS 0x0000000087400000, 0x0000000087400000| Untracked 
|  53|0x0000000087500000, 0x0000000087500000, 0x0000000087600000|  0%| F|  |TAMS 0x0000000087500000, 0x0000000087500000| Untracked 
|  54|0x0000000087600000, 0x0000000087600000, 0x0000000087700000|  0%| F|  |TAMS 0x0000000087600000, 0x0000000087600000| Untracked 
|  55|0x0000000087700000, 0x0000000087700000, 0x0000000087800000|  0%| F|  |TAMS 0x0000000087700000, 0x0000000087700000| Untracked 
|  56|0x0000000087800000, 0x0000000087800000, 0x0000000087900000|  0%| F|  |TAMS 0x0000000087800000, 0x0000000087800000| Untracked 
|  57|0x0000000087900000, 0x0000000087900000, 0x0000000087a00000|  0%| F|  |TAMS 0x0000000087900000, 0x0000000087900000| Untracked 
|  58|0x0000000087a00000, 0x0000000087a00000, 0x0000000087b00000|  0%| F|  |TAMS 0x0000000087a00000, 0x0000000087a00000| Untracked 
|  59|0x0000000087b00000, 0x0000000087b00000, 0x0000000087c00000|  0%| F|  |TAMS 0x0000000087b00000, 0x0000000087b00000| Untracked 
|  60|0x0000000087c00000, 0x0000000087c00000, 0x0000000087d00000|  0%| F|  |TAMS 0x0000000087c00000, 0x0000000087c00000| Untracked 
|  61|0x0000000087d00000, 0x0000000087d00000, 0x0000000087e00000|  0%| F|  |TAMS 0x0000000087d00000, 0x0000000087d00000| Untracked 
|  62|0x0000000087e00000, 0x0000000087e00000, 0x0000000087f00000|  0%| F|  |TAMS 0x0000000087e00000, 0x0000000087e00000| Untracked 
|  63|0x0000000087f00000, 0x0000000087f00000, 0x0000000088000000|  0%| F|  |TAMS 0x0000000087f00000, 0x0000000087f00000| Untracked 
|  64|0x0000000088000000, 0x0000000088000000, 0x0000000088100000|  0%| F|  |TAMS 0x0000000088000000, 0x0000000088000000| Untracked 
|  65|0x0000000088100000, 0x0000000088100000, 0x0000000088200000|  0%| F|  |TAMS 0x0000000088100000, 0x0000000088100000| Untracked 
|  66|0x0000000088200000, 0x0000000088200000, 0x0000000088300000|  0%| F|  |TAMS 0x0000000088200000, 0x0000000088200000| Untracked 
|  67|0x0000000088300000, 0x0000000088300000, 0x0000000088400000|  0%| F|  |TAMS 0x0000000088300000, 0x0000000088300000| Untracked 
|  68|0x0000000088400000, 0x0000000088400000, 0x0000000088500000|  0%| F|  |TAMS 0x0000000088400000, 0x0000000088400000| Untracked 
|  69|0x0000000088500000, 0x0000000088500000, 0x0000000088600000|  0%| F|  |TAMS 0x0000000088500000, 0x0000000088500000| Untracked 
|  70|0x0000000088600000, 0x0000000088600000, 0x0000000088700000|  0%| F|  |TAMS 0x0000000088600000, 0x0000000088600000| Untracked 
|  71|0x0000000088700000, 0x0000000088700000, 0x0000000088800000|  0%| F|  |TAMS 0x0000000088700000, 0x0000000088700000| Untracked 
|  72|0x0000000088800000, 0x0000000088800000, 0x0000000088900000|  0%| F|  |TAMS 0x0000000088800000, 0x0000000088800000| Untracked 
|  73|0x0000000088900000, 0x0000000088900000, 0x0000000088a00000|  0%| F|  |TAMS 0x0000000088900000, 0x0000000088900000| Untracked 
|  74|0x0000000088a00000, 0x0000000088a00000, 0x0000000088b00000|  0%| F|  |TAMS 0x0000000088a00000, 0x0000000088a00000| Untracked 
|  75|0x0000000088b00000, 0x0000000088b00000, 0x0000000088c00000|  0%| F|  |TAMS 0x0000000088b00000, 0x0000000088b00000| Untracked 
|  76|0x0000000088c00000, 0x0000000088c00000, 0x0000000088d00000|  0%| F|  |TAMS 0x0000000088c00000, 0x0000000088c00000| Untracked 
|  77|0x0000000088d00000, 0x0000000088d00000, 0x0000000088e00000|  0%| F|  |TAMS 0x0000000088d00000, 0x0000000088d00000| Untracked 
|  78|0x0000000088e00000, 0x0000000088e00000, 0x0000000088f00000|  0%| F|  |TAMS 0x0000000088e00000, 0x0000000088e00000| Untracked 
|  79|0x0000000088f00000, 0x0000000088f00000, 0x0000000089000000|  0%| F|  |TAMS 0x0000000088f00000, 0x0000000088f00000| Untracked 
|  80|0x0000000089000000, 0x0000000089000000, 0x0000000089100000|  0%| F|  |TAMS 0x0000000089000000, 0x0000000089000000| Untracked 
|  81|0x0000000089100000, 0x0000000089100000, 0x0000000089200000|  0%| F|  |TAMS 0x0000000089100000, 0x0000000089100000| Untracked 
|  82|0x0000000089200000, 0x0000000089200000, 0x0000000089300000|  0%| F|  |TAMS 0x0000000089200000, 0x0000000089200000| Untracked 
|  83|0x0000000089300000, 0x0000000089300000, 0x0000000089400000|  0%| F|  |TAMS 0x0000000089300000, 0x0000000089300000| Untracked 
|  84|0x0000000089400000, 0x0000000089400000, 0x0000000089500000|  0%| F|  |TAMS 0x0000000089400000, 0x0000000089400000| Untracked 
|  85|0x0000000089500000, 0x0000000089500000, 0x0000000089600000|  0%| F|  |TAMS 0x0000000089500000, 0x0000000089500000| Untracked 
|  86|0x0000000089600000, 0x0000000089600000, 0x0000000089700000|  0%| F|  |TAMS 0x0000000089600000, 0x0000000089600000| Untracked 
|  87|0x0000000089700000, 0x0000000089700000, 0x0000000089800000|  0%| F|  |TAMS 0x0000000089700000, 0x0000000089700000| Untracked 
|  88|0x0000000089800000, 0x0000000089800000, 0x0000000089900000|  0%| F|  |TAMS 0x0000000089800000, 0x0000000089800000| Untracked 
|  89|0x0000000089900000, 0x0000000089900000, 0x0000000089a00000|  0%| F|  |TAMS 0x0000000089900000, 0x0000000089900000| Untracked 
|  90|0x0000000089a00000, 0x0000000089a00000, 0x0000000089b00000|  0%| F|  |TAMS 0x0000000089a00000, 0x0000000089a00000| Untracked 
|  91|0x0000000089b00000, 0x0000000089b00000, 0x0000000089c00000|  0%| F|  |TAMS 0x0000000089b00000, 0x0000000089b00000| Untracked 
|  92|0x0000000089c00000, 0x0000000089c00000, 0x0000000089d00000|  0%| F|  |TAMS 0x0000000089c00000, 0x0000000089c00000| Untracked 
|  93|0x0000000089d00000, 0x0000000089d00000, 0x0000000089e00000|  0%| F|  |TAMS 0x0000000089d00000, 0x0000000089d00000| Untracked 
|  94|0x0000000089e00000, 0x0000000089e00000, 0x0000000089f00000|  0%| F|  |TAMS 0x0000000089e00000, 0x0000000089e00000| Untracked 
|  95|0x0000000089f00000, 0x0000000089f00000, 0x000000008a000000|  0%| F|  |TAMS 0x0000000089f00000, 0x0000000089f00000| Untracked 
|  96|0x000000008a000000, 0x000000008a000000, 0x000000008a100000|  0%| F|  |TAMS 0x000000008a000000, 0x000000008a000000| Untracked 
|  97|0x000000008a100000, 0x000000008a100000, 0x000000008a200000|  0%| F|  |TAMS 0x000000008a100000, 0x000000008a100000| Untracked 
|  98|0x000000008a200000, 0x000000008a200000, 0x000000008a300000|  0%| F|  |TAMS 0x000000008a200000, 0x000000008a200000| Untracked 
|  99|0x000000008a300000, 0x000000008a300000, 0x000000008a400000|  0%| F|  |TAMS 0x000000008a300000, 0x000000008a300000| Untracked 
| 100|0x000000008a400000, 0x000000008a400000, 0x000000008a500000|  0%| F|  |TAMS 0x000000008a400000, 0x000000008a400000| Untracked 
| 101|0x000000008a500000, 0x000000008a500000, 0x000000008a600000|  0%| F|  |TAMS 0x000000008a500000, 0x000000008a500000| Untracked 
| 102|0x000000008a600000, 0x000000008a600000, 0x000000008a700000|  0%| F|  |TAMS 0x000000008a600000, 0x000000008a600000| Untracked 
| 103|0x000000008a700000, 0x000000008a700000, 0x000000008a800000|  0%| F|  |TAMS 0x000000008a700000, 0x000000008a700000| Untracked 
| 104|0x000000008a800000, 0x000000008a800000, 0x000000008a900000|  0%| F|  |TAMS 0x000000008a800000, 0x000000008a800000| Untracked 
| 105|0x000000008a900000, 0x000000008a900000, 0x000000008aa00000|  0%| F|  |TAMS 0x000000008a900000, 0x000000008a900000| Untracked 
| 106|0x000000008aa00000, 0x000000008aa00000, 0x000000008ab00000|  0%| F|  |TAMS 0x000000008aa00000, 0x000000008aa00000| Untracked 
| 107|0x000000008ab00000, 0x000000008ab00000, 0x000000008ac00000|  0%| F|  |TAMS 0x000000008ab00000, 0x000000008ab00000| Untracked 
| 108|0x000000008ac00000, 0x000000008ac00000, 0x000000008ad00000|  0%| F|  |TAMS 0x000000008ac00000, 0x000000008ac00000| Untracked 
| 109|0x000000008ad00000, 0x000000008ad00000, 0x000000008ae00000|  0%| F|  |TAMS 0x000000008ad00000, 0x000000008ad00000| Untracked 
| 110|0x000000008ae00000, 0x000000008ae00000, 0x000000008af00000|  0%| F|  |TAMS 0x000000008ae00000, 0x000000008ae00000| Untracked 
| 111|0x000000008af00000, 0x000000008af00000, 0x000000008b000000|  0%| F|  |TAMS 0x000000008af00000, 0x000000008af00000| Untracked 
| 112|0x000000008b000000, 0x000000008b000000, 0x000000008b100000|  0%| F|  |TAMS 0x000000008b000000, 0x000000008b000000| Untracked 
| 113|0x000000008b100000, 0x000000008b100000, 0x000000008b200000|  0%| F|  |TAMS 0x000000008b100000, 0x000000008b100000| Untracked 
| 114|0x000000008b200000, 0x000000008b200000, 0x000000008b300000|  0%| F|  |TAMS 0x000000008b200000, 0x000000008b200000| Untracked 
| 115|0x000000008b300000, 0x000000008b300000, 0x000000008b400000|  0%| F|  |TAMS 0x000000008b300000, 0x000000008b300000| Untracked 
| 116|0x000000008b400000, 0x000000008b400000, 0x000000008b500000|  0%| F|  |TAMS 0x000000008b400000, 0x000000008b400000| Untracked 
| 117|0x000000008b500000, 0x000000008b500000, 0x000000008b600000|  0%| F|  |TAMS 0x000000008b500000, 0x000000008b500000| Untracked 
| 118|0x000000008b600000, 0x000000008b600000, 0x000000008b700000|  0%| F|  |TAMS 0x000000008b600000, 0x000000008b600000| Untracked 
| 119|0x000000008b700000, 0x000000008b700000, 0x000000008b800000|  0%| F|  |TAMS 0x000000008b700000, 0x000000008b700000| Untracked 
| 120|0x000000008b800000, 0x000000008b800000, 0x000000008b900000|  0%| F|  |TAMS 0x000000008b800000, 0x000000008b800000| Untracked 
| 121|0x000000008b900000, 0x000000008b900000, 0x000000008ba00000|  0%| F|  |TAMS 0x000000008b900000, 0x000000008b900000| Untracked 
| 122|0x000000008ba00000, 0x000000008ba88600, 0x000000008bb00000| 53%| E|  |TAMS 0x000000008ba00000, 0x000000008ba00000| Complete 
| 123|0x000000008bb00000, 0x000000008bc00000, 0x000000008bc00000|100%| E|CS|TAMS 0x000000008bb00000, 0x000000008bb00000| Complete 

Card table byte_map: [0x000001a8b6700000,0x000001a8b6ae0000] _byte_map_base: 0x000001a8b62e0000

Marking Bits (Prev, Next): (CMBitMap*) 0x000001a89da6e270, (CMBitMap*) 0x000001a89da6e2b0
 Prev Bits: [0x000001a8b6ec0000, 0x000001a8b8dc0000)
 Next Bits: [0x000001a8b8dc0000, 0x000001a8bacc0000)

Polling page: 0x000001a89db10000

Metaspace:

Usage:
  Non-class:      4.12 MB used.
      Class:    382.41 KB used.
       Both:      4.50 MB used.

Virtual space:
  Non-class space:        8.00 MB reserved,       4.12 MB ( 52%) committed,  1 nodes.
      Class space:        1.00 GB reserved,     384.00 KB ( <1%) committed,  1 nodes.
             Both:        1.01 GB reserved,       4.50 MB ( <1%) committed. 

Chunk freelists:
   Non-Class:  3.00 MB
       Class:  3.62 MB
        Both:  6.62 MB

MaxMetaspaceSize: unlimited
CompressedClassSpaceSize: 1.00 GB
Initial GC threshold: 21.00 MB
Current GC threshold: 21.00 MB
CDS: off
MetaspaceReclaimPolicy: balanced
 - commit_granule_bytes: 65536.
 - commit_granule_words: 8192.
 - virtual_space_node_default_size: 1048576.
 - enlarge_chunks_in_place: 1.
 - new_chunks_are_fully_committed: 0.
 - uncommit_free_chunks: 1.
 - use_allocation_guard: 0.
 - handle_deallocations: 1.


Internal statistics:

num_allocs_failed_limit: 0.
num_arena_births: 2.
num_arena_deaths: 0.
num_vsnodes_births: 2.
num_vsnodes_deaths: 0.
num_space_committed: 72.
num_space_uncommitted: 0.
num_chunks_returned_to_freelist: 0.
num_chunks_taken_from_freelist: 5.
num_chunk_merges: 0.
num_chunk_splits: 2.
num_chunks_enlarged: 0.
num_purges: 0.
num_inconsistent_stats: 0.

CodeHeap 'non-profiled nmethods': size=120000Kb used=15Kb max_used=15Kb free=119984Kb
 bounds [0x000001a8ae7d0000, 0x000001a8aea40000, 0x000001a8b5d00000]
CodeHeap 'profiled nmethods': size=120000Kb used=117Kb max_used=117Kb free=119882Kb
 bounds [0x000001a8a72a0000, 0x000001a8a7510000, 0x000001a8ae7d0000]
CodeHeap 'non-nmethods': size=5760Kb used=1056Kb max_used=1070Kb free=4703Kb
 bounds [0x000001a8a6d00000, 0x000001a8a6f70000, 0x000001a8a72a0000]
 total_blobs=408 nmethods=88 adapters=234
 compilation: enabled
              stopped_count=0, restarted_count=0
 full_count=0

Compilation events (20 events):
Event: 0.173 Thread 0x000001a8bdc02a40 nmethod 80 0x000001a8a72ba410 code [0x000001a8a72ba5e0, 0x000001a8a72ba8f8]
Event: 0.173 Thread 0x000001a8bdc02a40   82       3       java.lang.CharacterDataLatin1::toLowerCase (39 bytes)
Event: 0.173 Thread 0x000001a8bdc02a40 nmethod 82 0x000001a8a72baa10 code [0x000001a8a72babc0, 0x000001a8a72bae18]
Event: 0.173 Thread 0x000001a8bdc02a40   81       3       java.lang.CharacterDataLatin1::getProperties (11 bytes)
Event: 0.173 Thread 0x000001a8bdc02a40 nmethod 81 0x000001a8a72baf10 code [0x000001a8a72bb0a0, 0x000001a8a72bb1d8]
Event: 0.173 Thread 0x000001a8bdc02a40   79       3       java.lang.AbstractStringBuilder::append (77 bytes)
Event: 0.174 Thread 0x000001a8bdc02a40 nmethod 79 0x000001a8a72bb290 code [0x000001a8a72bb4a0, 0x000001a8a72bbb28]
Event: 0.174 Thread 0x000001a8bdc02a40   83       3       java.lang.Math::max (11 bytes)
Event: 0.174 Thread 0x000001a8bdc02a40 nmethod 83 0x000001a8a72bbd90 code [0x000001a8a72bbf20, 0x000001a8a72bc058]
Event: 0.174 Thread 0x000001a8bdc02a40   84       3       java.util.Objects::checkFromIndexSize (8 bytes)
Event: 0.175 Thread 0x000001a8bdc02a40 nmethod 84 0x000001a8a72bc110 code [0x000001a8a72bc2c0, 0x000001a8a72bc4e8]
Event: 0.175 Thread 0x000001a8bdc02a40   85       3       jdk.internal.util.Preconditions::checkFromIndexSize (25 bytes)
Event: 0.175 Thread 0x000001a8bdc02a40 nmethod 85 0x000001a8a72bc610 code [0x000001a8a72bc7c0, 0x000001a8a72bc988]
Event: 0.175 Thread 0x000001a8bdc02a40   86       3       java.util.jar.Manifest$FastInputStream::readLine (9 bytes)
Event: 0.175 Thread 0x000001a8bdc02a40 nmethod 86 0x000001a8a72bca90 code [0x000001a8a72bcc40, 0x000001a8a72bcda8]
Event: 0.175 Thread 0x000001a8bdc02a40   87       3       java.util.HashMap::put (13 bytes)
Event: 0.175 Thread 0x000001a8bdc02a40 nmethod 87 0x000001a8a72bce90 code [0x000001a8a72bd040, 0x000001a8a72bd338]
Event: 0.175 Thread 0x000001a8bd34ee30   88       4       java.lang.String::charAt (25 bytes)
Event: 0.176 Thread 0x000001a8bdc02a40   89       3       java.util.StringTokenizer::scanToken (179 bytes)
Event: 0.177 Thread 0x000001a8bd34ee30 nmethod 88 0x000001a8ae7d3a10 code [0x000001a8ae7d3b80, 0x000001a8ae7d3c58]

GC Heap History (0 events):
No events

Deoptimization events (0 events):
No events

Classes unloaded (0 events):
No events

Classes redefined (0 events):
No events

Internal exceptions (0 events):
No events

VM Operations (2 events):
Event: 0.169 Executing VM operation: HandshakeAllThreads
Event: 0.169 Executing VM operation: HandshakeAllThreads done

Events (20 events):
Event: 0.171 loading class sun/net/util/URLUtil
Event: 0.171 loading class sun/net/util/URLUtil done
Event: 0.171 loading class jdk/internal/loader/URLClassPath$3
Event: 0.171 loading class java/security/PrivilegedExceptionAction
Event: 0.171 loading class java/security/PrivilegedExceptionAction done
Event: 0.171 loading class jdk/internal/loader/URLClassPath$3 done
Event: 0.172 loading class jdk/internal/loader/URLClassPath$JarLoader
Event: 0.172 loading class jdk/internal/loader/URLClassPath$Loader
Event: 0.172 loading class jdk/internal/loader/URLClassPath$Loader done
Event: 0.172 loading class jdk/internal/loader/URLClassPath$JarLoader done
Event: 0.172 loading class sun/net/www/protocol/jar/Handler
Event: 0.172 loading class sun/net/www/protocol/jar/Handler done
Event: 0.172 loading class jdk/internal/loader/URLClassPath$JarLoader$1
Event: 0.172 loading class jdk/internal/loader/URLClassPath$JarLoader$1 done
Event: 0.172 loading class jdk/internal/loader/FileURLMapper
Event: 0.172 loading class jdk/internal/loader/FileURLMapper done
Event: 0.173 loading class jdk/internal/util/jar/JarIndex
Event: 0.174 loading class jdk/internal/util/jar/JarIndex done
Event: 0.175 loading class java/util/StringTokenizer
Event: 0.175 loading class java/util/StringTokenizer done


Dynamic libraries:
0x00007ff7f53f0000 - 0x00007ff7f53fe000 	C:\Users\zd2L04\pleiades\java\17\bin\java.exe
0x00007ffbd8830000 - 0x00007ffbd8a28000 	C:\WINDOWS\SYSTEM32\ntdll.dll
0x00007ffbd7e20000 - 0x00007ffbd7edd000 	C:\WINDOWS\System32\KERNEL32.DLL
0x00007ffbd6510000 - 0x00007ffbd67e2000 	C:\WINDOWS\System32\KERNELBASE.dll
0x00007ffbd62e0000 - 0x00007ffbd63e0000 	C:\WINDOWS\System32\ucrtbase.dll
0x00007ffbd2d00000 - 0x00007ffbd2d19000 	C:\Users\zd2L04\pleiades\java\17\bin\VCRUNTIME140.dll
0x00007ffbd0650000 - 0x00007ffbd0668000 	C:\Users\zd2L04\pleiades\java\17\bin\jli.dll
0x00007ffbd70c0000 - 0x00007ffbd725d000 	C:\WINDOWS\System32\USER32.dll
0x00007ffbb5270000 - 0x00007ffbb550a000 	C:\WINDOWS\WinSxS\amd64_microsoft.windows.common-controls_6595b64144ccf1df_6.0.19041.1110_none_60b5254171f9507e\COMCTL32.dll
0x00007ffbd6040000 - 0x00007ffbd6062000 	C:\WINDOWS\System32\win32u.dll
0x00007ffbd7c20000 - 0x00007ffbd7c4b000 	C:\WINDOWS\System32\GDI32.dll
0x00007ffbd7270000 - 0x00007ffbd730e000 	C:\WINDOWS\System32\msvcrt.dll
0x00007ffbd61d0000 - 0x00007ffbd62df000 	C:\WINDOWS\System32\gdi32full.dll
0x00007ffbd63e0000 - 0x00007ffbd647d000 	C:\WINDOWS\System32\msvcp_win.dll
0x00007ffbd7090000 - 0x00007ffbd70c0000 	C:\WINDOWS\System32\IMM32.DLL
0x00007ffbd3720000 - 0x00007ffbd372c000 	C:\Users\zd2L04\pleiades\java\17\bin\vcruntime140_1.dll
0x00007ffb97160000 - 0x00007ffb971f1000 	C:\Users\zd2L04\pleiades\java\17\bin\msvcp140.dll
0x00007ffb82880000 - 0x00007ffb834c7000 	C:\Users\zd2L04\pleiades\java\17\bin\server\jvm.dll
0x00007ffbd6f60000 - 0x00007ffbd700e000 	C:\WINDOWS\System32\ADVAPI32.dll
0x00007ffbd7c50000 - 0x00007ffbd7cec000 	C:\WINDOWS\System32\sechost.dll
0x00007ffbd7cf0000 - 0x00007ffbd7e15000 	C:\WINDOWS\System32\RPCRT4.dll
0x00007ffbd7260000 - 0x00007ffbd7268000 	C:\WINDOWS\System32\PSAPI.DLL
0x00007ffbc7e70000 - 0x00007ffbc7e79000 	C:\WINDOWS\SYSTEM32\WSOCK32.dll
0x00007ffbd1550000 - 0x00007ffbd1577000 	C:\WINDOWS\SYSTEM32\WINMM.dll
0x00007ffbd0830000 - 0x00007ffbd083a000 	C:\WINDOWS\SYSTEM32\VERSION.dll
0x00007ffbd6950000 - 0x00007ffbd69bb000 	C:\WINDOWS\System32\WS2_32.dll
0x00007ffbd3d40000 - 0x00007ffbd3d52000 	C:\WINDOWS\SYSTEM32\kernel.appcore.dll
0x00007ffbd2cb0000 - 0x00007ffbd2cba000 	C:\Users\zd2L04\pleiades\java\17\bin\jimage.dll
0x00007ffbc5e20000 - 0x00007ffbc6004000 	C:\WINDOWS\SYSTEM32\DBGHELP.DLL
0x00007ffbc5df0000 - 0x00007ffbc5e1c000 	C:\WINDOWS\SYSTEM32\dbgcore.DLL
0x00007ffbd6480000 - 0x00007ffbd6502000 	C:\WINDOWS\System32\bcryptPrimitives.dll
0x00007ffbcbd50000 - 0x00007ffbcbd75000 	C:\Users\zd2L04\pleiades\java\17\bin\java.dll
0x00007ffbbbd70000 - 0x00007ffbbbe46000 	C:\Users\zd2L04\pleiades\java\17\bin\jsvml.dll
0x00007ffbd73f0000 - 0x00007ffbd7b33000 	C:\WINDOWS\System32\SHELL32.dll
0x00007ffbd4020000 - 0x00007ffbd47b1000 	C:\WINDOWS\SYSTEM32\windows.storage.dll
0x00007ffbd8230000 - 0x00007ffbd8584000 	C:\WINDOWS\System32\combase.dll
0x00007ffbd59a0000 - 0x00007ffbd59d0000 	C:\WINDOWS\SYSTEM32\Wldp.dll
0x00007ffbd68a0000 - 0x00007ffbd694d000 	C:\WINDOWS\System32\SHCORE.dll
0x00007ffbd7310000 - 0x00007ffbd7365000 	C:\WINDOWS\System32\shlwapi.dll
0x00007ffbd5e80000 - 0x00007ffbd5e9f000 	C:\WINDOWS\SYSTEM32\profapi.dll
0x00007ffbcf8e0000 - 0x00007ffbcf8f9000 	C:\Users\zd2L04\pleiades\java\17\bin\net.dll
0x00007ffbcd6e0000 - 0x00007ffbcd7ed000 	C:\WINDOWS\SYSTEM32\WINHTTP.dll
0x00007ffbd5690000 - 0x00007ffbd56fa000 	C:\WINDOWS\system32\mswsock.dll
0x00007ffbcf080000 - 0x00007ffbcf095000 	C:\Users\zd2L04\pleiades\java\17\bin\nio.dll
0x00007ffbd05e0000 - 0x00007ffbd05f8000 	C:\Users\zd2L04\pleiades\java\17\bin\zip.dll

dbghelp: loaded successfully - version: 4.0.5 - missing functions: none
symbol engine: initialized successfully - sym options: 0x614 - pdb path: (cannot be retrieved)

VM Arguments:
java_command: C:\Users\zd2L04\AppData\Local\Temp\surefire7476976059508322625\surefirebooter397077899913618774.jar C:\Users\zd2L04\AppData\Local\Temp\surefire7476976059508322625 2022-10-21T13-52-36_254-jvmRun1 surefire8551668485680404846tmp surefire_06719458092901008354tmp
java_class_path (initial): C:\Users\zd2L04\AppData\Local\Temp\surefire7476976059508322625\surefirebooter397077899913618774.jar
Launcher Type: SUN_STANDARD

[Global flags]

[error occurred during error reporting (printing flags), id 0xe0000001, Out of Memory Error (e:\jenkins\tmp\workspace\build\src\src\hotspot\share\memory\allocation.cpp:44)]

Logging:
Log output configuration:
 #0: stdout all=warning uptime,level,tags
 #1: stderr all=off uptime,level,tags

Environment Variables:
PATH=C:/Users/zd2L04/pleiades/java/17/bin/server;C:/Users/zd2L04/pleiades/java/17/bin;C:\Program Files\Common Files\Microsoft Shared\Windows Live;C:\Program Files (x86)\Common Files\Microsoft Shared\Windows Live;C:\WINDOWS\system32;C:\WINDOWS;C:\WINDOWS\System32\Wbem;C:\WINDOWS\System32\WindowsPowerShell\v1.0\;C:\Program Files (x86)\ATI Technologies\ATI.ACE\Core-Static;C:\Program Files (x86)\Windows Live\Shared;C:\Program Files\Git\cmd;C:\Program Files\vim;C:\Program Files\Sublime Text 3;C:\Ruby23-x64\bin\;C:\ruby-2.4.0\bin\;C:\Users\zd2G19\AppData\Roaming\npm\;C:\Users\zd2G19\AppData\Local\Programs\Git\cmd;;C:\WINDOWS\system32;C:\WINDOWS;C:\WINDOWS\System32\Wbem;C:\WINDOWS\System32\WindowsPowerShell\v1.0\;C:\WINDOWS\System32\OpenSSH\;C:\Program Files\nodejs\;C:\Program Files\WinMerge;C:\Users\zd2L04\AppData\Local\Microsoft\WindowsApps;C:\Users\zd2L04\AppData\Local\Programs\Microsoft VS Code\bin;C:\Users\zd2L04\AppData\Local\Programs\Git\cmd;C:\Users\zd2L04\pleiades\eclipse;
USERNAME=zd2L04
OS=Windows_NT
PROCESSOR_IDENTIFIER=AMD64 Family 16 Model 4 Stepping 3, AuthenticAMD



---------------  S Y S T E M  ---------------

OS:
 Windows 10 , 64 bit Build 19041 (10.0.19041.1889)
OS uptime: 7 days 5:21 hours

CPU: total 4 (initial active 4) (4 cores per cpu, 1 threads per core) family 16 model 4 stepping 3 microcode 0x0, cx8, cmov, fxsr, mmx, 3dnowpref, sse, sse2, sse3, sse4a, popcnt, lzcnt, tsc, tscinvbit, clflush

Memory: 4k page, system-wide physical 7935M (1078M free)
TotalPageFile size 7935M (AvailPageFile size 3M)
current process WorkingSet (physical memory assigned to process): 28M, peak: 28M
current process commit charge ("private bytes"): 190M, peak: 192M

vm_info: OpenJDK 64-Bit Server VM (17.0.2+8) for windows-amd64 JRE (17.0.2+8), built on Jan 20 2022 04:52:34 by "" with MS VC++ 16.7 (VS2019)

END.
